# JRE version: OpenJDK Runtime Environment (8.0_242-b08) (build 1.8.0_242-b08)
# Java VM: OpenJDK 64-Bit Server VM (25.242-b08 mixed mode linux-amd64 compressed oops)
Heap:
 PSYoungGen      total 216064K, used 38487K [0x00000000ec400000, 0x0000000100000000, 0x0000000100000000)
  eden space 108544K, 0% used [0x00000000ec400000,0x00000000ec400000,0x00000000f2e00000)
  from space 107520K, 35% used [0x00000000f2e00000,0x00000000f5395f78,0x00000000f9700000)
  to   space 107520K, 0% used [0x00000000f9700000,0x00000000f9700000,0x0000000100000000)
 ParOldGen       total 316416K, used 316145K [0x00000000c4c00000, 0x00000000d8100000, 0x00000000ec400000)
  object space 316416K, 99% used [0x00000000c4c00000,0x00000000d80bc520,0x00000000d8100000)
 Metaspace       used 70367K, capacity 75538K, committed 75672K, reserved 1116160K
  class space    used 8825K, capacity 9870K, committed 9896K, reserved 1048576K
GC Heap History (195 events):
Event: 0.486 GC heap before
{Heap before GC invocations=1 (full 0):
 PSYoungGen      total 17920K, used 15360K [0x00000000ec400000, 0x00000000ed800000, 0x0000000100000000)
  eden space 15360K, 100% used [0x00000000ec400000,0x00000000ed300000,0x00000000ed300000)
  from space 2560K, 0% used [0x00000000ed580000,0x00000000ed580000,0x00000000ed800000)
  to   space 2560K, 0% used [0x00000000ed300000,0x00000000ed300000,0x00000000ed580000)
 ParOldGen       total 40960K, used 0K [0x00000000c4c00000, 0x00000000c7400000, 0x00000000ec400000)
  object space 40960K, 0% used [0x00000000c4c00000,0x00000000c4c00000,0x00000000c7400000)
 Metaspace       used 7329K, capacity 7452K, committed 7552K, reserved 1056768K
  class space    used 766K, capacity 824K, committed 896K, reserved 1048576K
Event: 0.491 GC heap after
Heap after GC invocations=1 (full 0):
 PSYoungGen      total 17920K, used 2529K [0x00000000ec400000, 0x00000000ee700000, 0x0000000100000000)
  eden space 15360K, 0% used [0x00000000ec400000,0x00000000ec400000,0x00000000ed300000)
  from space 2560K, 98% used [0x00000000ed300000,0x00000000ed578788,0x00000000ed580000)
  to   space 2560K, 0% used [0x00000000ee480000,0x00000000ee480000,0x00000000ee700000)
 ParOldGen       total 40960K, used 893K [0x00000000c4c00000, 0x00000000c7400000, 0x00000000ec400000)
  object space 40960K, 2% used [0x00000000c4c00000,0x00000000c4cdf460,0x00000000c7400000)
 Metaspace       used 7329K, capacity 7452K, committed 7552K, reserved 1056768K
  class space    used 766K, capacity 824K, committed 896K, reserved 1048576K
}
Event: 0.687 GC heap before
{Heap before GC invocations=2 (full 0):
 PSYoungGen      total 17920K, used 17889K [0x00000000ec400000, 0x00000000ee700000, 0x0000000100000000)
  eden space 15360K, 100% used [0x00000000ec400000,0x00000000ed300000,0x00000000ed300000)
  from space 2560K, 98% used [0x00000000ed300000,0x00000000ed578788,0x00000000ed580000)
  to   space 2560K, 0% used [0x00000000ee480000,0x00000000ee480000,0x00000000ee700000)
 ParOldGen       total 40960K, used 893K [0x00000000c4c00000, 0x00000000c7400000, 0x00000000ec400000)
  object space 40960K, 2% used [0x00000000c4c00000,0x00000000c4cdf460,0x00000000c7400000)
 Metaspace       used 8644K, capacity 8796K, committed 8960K, reserved 1056768K
  class space    used 963K, capacity 1016K, committed 1024K, reserved 1048576K
Event: 0.691 GC heap after
Heap after GC invocations=2 (full 0):
 PSYoungGen      total 33280K, used 2552K [0x00000000ec400000, 0x00000000ee700000, 0x0000000100000000)
  eden space 30720K, 0% used [0x00000000ec400000,0x00000000ec400000,0x00000000ee200000)
  from space 2560K, 99% used [0x00000000ee480000,0x00000000ee6fe280,0x00000000ee700000)
  to   space 2560K, 0% used [0x00000000ee200000,0x00000000ee200000,0x00000000ee480000)
 ParOldGen       total 40960K, used 1243K [0x00000000c4c00000, 0x00000000c7400000, 0x00000000ec400000)
  object space 40960K, 3% used [0x00000000c4c00000,0x00000000c4d36d80,0x00000000c7400000)
 Metaspace       used 8644K, capacity 8796K, committed 8960K, reserved 1056768K
  class space    used 963K, capacity 1016K, committed 1024K, reserved 1048576K
}
Event: 1.042 GC heap before
{Heap before GC invocations=3 (full 0):
 PSYoungGen      total 33280K, used 33272K [0x00000000ec400000, 0x00000000ee700000, 0x0000000100000000)
  eden space 30720K, 100% used [0x00000000ec400000,0x00000000ee200000,0x00000000ee200000)
  from space 2560K, 99% used [0x00000000ee480000,0x00000000ee6fe280,0x00000000ee700000)
  to   space 2560K, 0% used [0x00000000ee200000,0x00000000ee200000,0x00000000ee480000)
 ParOldGen       total 40960K, used 1243K [0x00000000c4c00000, 0x00000000c7400000, 0x00000000ec400000)
  object space 40960K, 3% used [0x00000000c4c00000,0x00000000c4d36d80,0x00000000c7400000)
 Metaspace       used 12054K, capacity 12206K, committed 12544K, reserved 1060864K
  class space    used 1398K, capacity 1509K, committed 1536K, reserved 1048576K
Event: 1.047 GC heap after
Heap after GC invocations=3 (full 0):
 PSYoungGen      total 33280K, used 2528K [0x00000000ec400000, 0x00000000f0500000, 0x0000000100000000)
  eden space 30720K, 0% used [0x00000000ec400000,0x00000000ec400000,0x00000000ee200000)
  from space 2560K, 98% used [0x00000000ee200000,0x00000000ee478020,0x00000000ee480000)
  to   space 2560K, 0% used [0x00000000f0280000,0x00000000f0280000,0x00000000f0500000)
 ParOldGen       total 40960K, used 5453K [0x00000000c4c00000, 0x00000000c7400000, 0x00000000ec400000)
  object space 40960K, 13% used [0x00000000c4c00000,0x00000000c5153718,0x00000000c7400000)
 Metaspace       used 12054K, capacity 12206K, committed 12544K, reserved 1060864K
  class space    used 1398K, capacity 1509K, committed 1536K, reserved 1048576K
}
Event: 1.723 GC heap before
{Heap before GC invocations=4 (full 0):
 PSYoungGen      total 33280K, used 33248K [0x00000000ec400000, 0x00000000f0500000, 0x0000000100000000)
  eden space 30720K, 100% used [0x00000000ec400000,0x00000000ee200000,0x00000000ee200000)
  from space 2560K, 98% used [0x00000000ee200000,0x00000000ee478020,0x00000000ee480000)
  to   space 2560K, 0% used [0x00000000f0280000,0x00000000f0280000,0x00000000f0500000)
 ParOldGen       total 40960K, used 5453K [0x00000000c4c00000, 0x00000000c7400000, 0x00000000ec400000)
  object space 40960K, 13% used [0x00000000c4c00000,0x00000000c5153718,0x00000000c7400000)
 Metaspace       used 15628K, capacity 15842K, committed 16000K, reserved 1062912K
  class space    used 1786K, capacity 1875K, committed 1920K, reserved 1048576K
Event: 1.737 GC heap after
Heap after GC invocations=4 (full 0):
 PSYoungGen      total 64000K, used 2528K [0x00000000ec400000, 0x00000000f0500000, 0x0000000100000000)
  eden space 61440K, 0% used [0x00000000ec400000,0x00000000ec400000,0x00000000f0000000)
  from space 2560K, 98% used [0x00000000f0280000,0x00000000f04f8020,0x00000000f0500000)
  to   space 2560K, 0% used [0x00000000f0000000,0x00000000f0000000,0x00000000f0280000)
 ParOldGen       total 40960K, used 10551K [0x00000000c4c00000, 0x00000000c7400000, 0x00000000ec400000)
  object space 40960K, 25% used [0x00000000c4c00000,0x00000000c564de38,0x00000000c7400000)
 Metaspace       used 15628K, capacity 15842K, committed 16000K, reserved 1062912K
  class space    used 1786K, capacity 1875K, committed 1920K, reserved 1048576K
}
Event: 2.424 GC heap before
{Heap before GC invocations=5 (full 0):
 PSYoungGen      total 64000K, used 63968K [0x00000000ec400000, 0x00000000f0500000, 0x0000000100000000)
  eden space 61440K, 100% used [0x00000000ec400000,0x00000000f0000000,0x00000000f0000000)
  from space 2560K, 98% used [0x00000000f0280000,0x00000000f04f8020,0x00000000f0500000)
  to   space 2560K, 0% used [0x00000000f0000000,0x00000000f0000000,0x00000000f0280000)
 ParOldGen       total 40960K, used 10551K [0x00000000c4c00000, 0x00000000c7400000, 0x00000000ec400000)
  object space 40960K, 25% used [0x00000000c4c00000,0x00000000c564de38,0x00000000c7400000)
 Metaspace       used 16013K, capacity 16270K, committed 16512K, reserved 1064960K
  class space    used 1813K, capacity 1909K, committed 1920K, reserved 1048576K
Event: 2.443 GC heap after
Heap after GC invocations=5 (full 0):
 PSYoungGen      total 64000K, used 2544K [0x00000000ec400000, 0x00000000f5500000, 0x0000000100000000)
  eden space 61440K, 0% used [0x00000000ec400000,0x00000000ec400000,0x00000000f0000000)
  from space 2560K, 99% used [0x00000000f0000000,0x00000000f027c030,0x00000000f0280000)
  to   space 12800K, 0% used [0x00000000f4880000,0x00000000f4880000,0x00000000f5500000)
 ParOldGen       total 40960K, used 19386K [0x00000000c4c00000, 0x00000000c7400000, 0x00000000ec400000)
  object space 40960K, 47% used [0x00000000c4c00000,0x00000000c5eee920,0x00000000c7400000)
 Metaspace       used 16013K, capacity 16270K, committed 16512K, reserved 1064960K
  class space    used 1813K, capacity 1909K, committed 1920K, reserved 1048576K
}
Event: 3.308 GC heap before
{Heap before GC invocations=6 (full 0):
 PSYoungGen      total 64000K, used 63984K [0x00000000ec400000, 0x00000000f5500000, 0x0000000100000000)
  eden space 61440K, 100% used [0x00000000ec400000,0x00000000f0000000,0x00000000f0000000)
  from space 2560K, 99% used [0x00000000f0000000,0x00000000f027c030,0x00000000f0280000)
  to   space 12800K, 0% used [0x00000000f4880000,0x00000000f4880000,0x00000000f5500000)
 ParOldGen       total 40960K, used 19386K [0x00000000c4c00000, 0x00000000c7400000, 0x00000000ec400000)
  object space 40960K, 47% used [0x00000000c4c00000,0x00000000c5eee920,0x00000000c7400000)
 Metaspace       used 16423K, capacity 16632K, committed 16768K, reserved 1064960K
  class space    used 1819K, capacity 1916K, committed 1920K, reserved 1048576K
Event: 3.324 GC heap after
Heap after GC invocations=6 (full 0):
 PSYoungGen      total 135680K, used 8720K [0x00000000ec400000, 0x00000000f5500000, 0x0000000100000000)
  eden space 122880K, 0% used [0x00000000ec400000,0x00000000ec400000,0x00000000f3c00000)
  from space 12800K, 68% used [0x00000000f4880000,0x00000000f5104030,0x00000000f5500000)
  to   space 12800K, 0% used [0x00000000f3c00000,0x00000000f3c00000,0x00000000f4880000)
 ParOldGen       total 40960K, used 19394K [0x00000000c4c00000, 0x00000000c7400000, 0x00000000ec400000)
  object space 40960K, 47% used [0x00000000c4c00000,0x00000000c5ef0920,0x00000000c7400000)
 Metaspace       used 16423K, capacity 16632K, committed 16768K, reserved 1064960K
  class space    used 1819K, capacity 1916K, committed 1920K, reserved 1048576K
}
Event: 4.571 GC heap before
{Heap before GC invocations=7 (full 0):
 PSYoungGen      total 135680K, used 104247K [0x00000000ec400000, 0x00000000f5500000, 0x0000000100000000)
  eden space 122880K, 77% used [0x00000000ec400000,0x00000000f2149f00,0x00000000f3c00000)
  from space 12800K, 68% used [0x00000000f4880000,0x00000000f5104030,0x00000000f5500000)
  to   space 12800K, 0% used [0x00000000f3c00000,0x00000000f3c00000,0x00000000f4880000)
 ParOldGen       total 40960K, used 19394K [0x00000000c4c00000, 0x00000000c7400000, 0x00000000ec400000)
  object space 40960K, 47% used [0x00000000c4c00000,0x00000000c5ef0920,0x00000000c7400000)
 Metaspace       used 20691K, capacity 21094K, committed 21296K, reserved 1069056K
  class space    used 2235K, capacity 2392K, committed 2432K, reserved 1048576K
Event: 4.607 GC heap after
Heap after GC invocations=7 (full 0):
 PSYoungGen      total 135680K, used 12778K [0x00000000ec400000, 0x00000000fd800000, 0x0000000100000000)
  eden space 122880K, 0% used [0x00000000ec400000,0x00000000ec400000,0x00000000f3c00000)
  from space 12800K, 99% used [0x00000000f3c00000,0x00000000f487a960,0x00000000f4880000)
  to   space 18432K, 0% used [0x00000000fc600000,0x00000000fc600000,0x00000000fd800000)
 ParOldGen       total 40960K, used 26021K [0x00000000c4c00000, 0x00000000c7400000, 0x00000000ec400000)
  object space 40960K, 63% used [0x00000000c4c00000,0x00000000c65697d8,0x00000000c7400000)
 Metaspace       used 20691K, capacity 21094K, committed 21296K, reserved 1069056K
  class space    used 2235K, capacity 2392K, committed 2432K, reserved 1048576K
}
Event: 4.607 GC heap before
{Heap before GC invocations=8 (full 1):
 PSYoungGen      total 135680K, used 12778K [0x00000000ec400000, 0x00000000fd800000, 0x0000000100000000)
  eden space 122880K, 0% used [0x00000000ec400000,0x00000000ec400000,0x00000000f3c00000)
  from space 12800K, 99% used [0x00000000f3c00000,0x00000000f487a960,0x00000000f4880000)
  to   space 18432K, 0% used [0x00000000fc600000,0x00000000fc600000,0x00000000fd800000)
 ParOldGen       total 40960K, used 26021K [0x00000000c4c00000, 0x00000000c7400000, 0x00000000ec400000)
  object space 40960K, 63% used [0x00000000c4c00000,0x00000000c65697d8,0x00000000c7400000)
 Metaspace       used 20691K, capacity 21094K, committed 21296K, reserved 1069056K
  class space    used 2235K, capacity 2392K, committed 2432K, reserved 1048576K
Event: 4.791 GC heap after
Heap after GC invocations=8 (full 1):
 PSYoungGen      total 135680K, used 0K [0x00000000ec400000, 0x00000000fd800000, 0x0000000100000000)
  eden space 122880K, 0% used [0x00000000ec400000,0x00000000ec400000,0x00000000f3c00000)
  from space 12800K, 0% used [0x00000000f3c00000,0x00000000f3c00000,0x00000000f4880000)
  to   space 18432K, 0% used [0x00000000fc600000,0x00000000fc600000,0x00000000fd800000)
 ParOldGen       total 68096K, used 31573K [0x00000000c4c00000, 0x00000000c8e80000, 0x00000000ec400000)
  object space 68096K, 46% used [0x00000000c4c00000,0x00000000c6ad55f0,0x00000000c8e80000)
 Metaspace       used 20691K, capacity 21094K, committed 21296K, reserved 1069056K
  class space    used 2235K, capacity 2392K, committed 2432K, reserved 1048576K
}
Event: 6.505 GC heap before
{Heap before GC invocations=9 (full 1):
 PSYoungGen      total 135680K, used 90816K [0x00000000ec400000, 0x00000000fd800000, 0x0000000100000000)
  eden space 122880K, 73% used [0x00000000ec400000,0x00000000f1cb0078,0x00000000f3c00000)
  from space 12800K, 0% used [0x00000000f3c00000,0x00000000f3c00000,0x00000000f4880000)
  to   space 18432K, 0% used [0x00000000fc600000,0x00000000fc600000,0x00000000fd800000)
 ParOldGen       total 68096K, used 31573K [0x00000000c4c00000, 0x00000000c8e80000, 0x00000000ec400000)
  object space 68096K, 46% used [0x00000000c4c00000,0x00000000c6ad55f0,0x00000000c8e80000)
 Metaspace       used 33554K, capacity 35360K, committed 35496K, reserved 1081344K
  class space    used 3899K, capacity 4484K, committed 4520K, reserved 1048576K
Event: 6.518 GC heap after
Heap after GC invocations=9 (full 1):
 PSYoungGen      total 176640K, used 15270K [0x00000000ec400000, 0x00000000fd500000, 0x0000000100000000)
  eden space 161280K, 0% used [0x00000000ec400000,0x00000000ec400000,0x00000000f6180000)
  from space 15360K, 99% used [0x00000000fc600000,0x00000000fd4e9850,0x00000000fd500000)
  to   space 20480K, 0% used [0x00000000fad00000,0x00000000fad00000,0x00000000fc100000)
 ParOldGen       total 68096K, used 31581K [0x00000000c4c00000, 0x00000000c8e80000, 0x00000000ec400000)
  object space 68096K, 46% used [0x00000000c4c00000,0x00000000c6ad75f0,0x00000000c8e80000)
 Metaspace       used 33554K, capacity 35360K, committed 35496K, reserved 1081344K
  class space    used 3899K, capacity 4484K, committed 4520K, reserved 1048576K
}
Event: 6.518 GC heap before
{Heap before GC invocations=10 (full 2):
 PSYoungGen      total 176640K, used 15270K [0x00000000ec400000, 0x00000000fd500000, 0x0000000100000000)
  eden space 161280K, 0% used [0x00000000ec400000,0x00000000ec400000,0x00000000f6180000)
  from space 15360K, 99% used [0x00000000fc600000,0x00000000fd4e9850,0x00000000fd500000)
  to   space 20480K, 0% used [0x00000000fad00000,0x00000000fad00000,0x00000000fc100000)
 ParOldGen       total 68096K, used 31581K [0x00000000c4c00000, 0x00000000c8e80000, 0x00000000ec400000)
  object space 68096K, 46% used [0x00000000c4c00000,0x00000000c6ad75f0,0x00000000c8e80000)
 Metaspace       used 33554K, capacity 35360K, committed 35496K, reserved 1081344K
  class space    used 3899K, capacity 4484K, committed 4520K, reserved 1048576K
Event: 6.658 GC heap after
Heap after GC invocations=10 (full 2):
 PSYoungGen      total 176640K, used 0K [0x00000000ec400000, 0x00000000fd500000, 0x0000000100000000)
  eden space 161280K, 0% used [0x00000000ec400000,0x00000000ec400000,0x00000000f6180000)
  from space 15360K, 0% used [0x00000000fc600000,0x00000000fc600000,0x00000000fd500000)
  to   space 20480K, 0% used [0x00000000fad00000,0x00000000fad00000,0x00000000fc100000)
 ParOldGen       total 99328K, used 42823K [0x00000000c4c00000, 0x00000000cad00000, 0x00000000ec400000)
  object space 99328K, 43% used [0x00000000c4c00000,0x00000000c75d1fc8,0x00000000cad00000)
 Metaspace       used 33554K, capacity 35360K, committed 35496K, reserved 1081344K
  class space    used 3899K, capacity 4484K, committed 4520K, reserved 1048576K
}
Event: 11.621 GC heap before
{Heap before GC invocations=11 (full 2):
 PSYoungGen      total 176640K, used 161280K [0x00000000ec400000, 0x00000000fd500000, 0x0000000100000000)
  eden space 161280K, 100% used [0x00000000ec400000,0x00000000f6180000,0x00000000f6180000)
  from space 15360K, 0% used [0x00000000fc600000,0x00000000fc600000,0x00000000fd500000)
  to   space 20480K, 0% used [0x00000000fad00000,0x00000000fad00000,0x00000000fc100000)
 ParOldGen       total 99328K, used 42823K [0x00000000c4c00000, 0x00000000cad00000, 0x00000000ec400000)
  object space 99328K, 43% used [0x00000000c4c00000,0x00000000c75d1fc8,0x00000000cad00000)
 Metaspace       used 38021K, capacity 39962K, committed 40104K, reserved 1085440K
  class space    used 4378K, capacity 5024K, committed 5032K, reserved 1048576K
Event: 11.628 GC heap after
Heap after GC invocations=11 (full 2):
 PSYoungGen      total 185856K, used 5308K [0x00000000ec400000, 0x00000000fc680000, 0x0000000100000000)
  eden space 180224K, 0% used [0x00000000ec400000,0x00000000ec400000,0x00000000f7400000)
  from space 5632K, 94% used [0x00000000fad00000,0x00000000fb22f190,0x00000000fb280000)
  to   space 19968K, 0% used [0x00000000fb300000,0x00000000fb300000,0x00000000fc680000)
 ParOldGen       total 99328K, used 42831K [0x00000000c4c00000, 0x00000000cad00000, 0x00000000ec400000)
  object space 99328K, 43% used [0x00000000c4c00000,0x00000000c75d3fc8,0x00000000cad00000)
 Metaspace       used 38021K, capacity 39962K, committed 40104K, reserved 1085440K
  class space    used 4378K, capacity 5024K, committed 5032K, reserved 1048576K
}
Event: 12.631 GC heap before
{Heap before GC invocations=12 (full 2):
 PSYoungGen      total 185856K, used 185532K [0x00000000ec400000, 0x00000000fc680000, 0x0000000100000000)
  eden space 180224K, 100% used [0x00000000ec400000,0x00000000f7400000,0x00000000f7400000)
  from space 5632K, 94% used [0x00000000fad00000,0x00000000fb22f190,0x00000000fb280000)
  to   space 19968K, 0% used [0x00000000fb300000,0x00000000fb300000,0x00000000fc680000)
 ParOldGen       total 99328K, used 42831K [0x00000000c4c00000, 0x00000000cad00000, 0x00000000ec400000)
  object space 99328K, 43% used [0x00000000c4c00000,0x00000000c75d3fc8,0x00000000cad00000)
 Metaspace       used 38453K, capacity 40474K, committed 40744K, reserved 1085440K
  class space    used 4399K, capacity 5058K, committed 5160K, reserved 1048576K
Event: 12.639 GC heap after
Heap after GC invocations=12 (full 2):
 PSYoungGen      total 205312K, used 5848K [0x00000000ec400000, 0x00000000fb900000, 0x0000000100000000)
  eden space 199168K, 0% used [0x00000000ec400000,0x00000000ec400000,0x00000000f8680000)
  from space 6144K, 95% used [0x00000000fb300000,0x00000000fb8b63b0,0x00000000fb900000)
  to   space 19456K, 0% used [0x00000000f9300000,0x00000000f9300000,0x00000000fa600000)
 ParOldGen       total 99328K, used 42839K [0x00000000c4c00000, 0x00000000cad00000, 0x00000000ec400000)
  object space 99328K, 43% used [0x00000000c4c00000,0x00000000c75d5fc8,0x00000000cad00000)
 Metaspace       used 38453K, capacity 40474K, committed 40744K, reserved 1085440K
  class space    used 4399K, capacity 5058K, committed 5160K, reserved 1048576K
}
Event: 13.365 GC heap before
{Heap before GC invocations=13 (full 2):
 PSYoungGen      total 205312K, used 204736K [0x00000000ec400000, 0x00000000fb900000, 0x0000000100000000)
  eden space 199168K, 99% used [0x00000000ec400000,0x00000000f8639ee8,0x00000000f8680000)
  from space 6144K, 95% used [0x00000000fb300000,0x00000000fb8b63b0,0x00000000fb900000)
  to   space 19456K, 0% used [0x00000000f9300000,0x00000000f9300000,0x00000000fa600000)
 ParOldGen       total 99328K, used 42839K [0x00000000c4c00000, 0x00000000cad00000, 0x00000000ec400000)
  object space 99328K, 43% used [0x00000000c4c00000,0x00000000c75d5fc8,0x00000000cad00000)
 Metaspace       used 38462K, capacity 40474K, committed 40744K, reserved 1085440K
  class space    used 4399K, capacity 5058K, committed 5160K, reserved 1048576K
Event: 13.378 GC heap after
Heap after GC invocations=13 (full 2):
 PSYoungGen      total 231424K, used 11387K [0x00000000ec400000, 0x00000000fc380000, 0x0000000100000000)
  eden space 211968K, 0% used [0x00000000ec400000,0x00000000ec400000,0x00000000f9300000)
  from space 19456K, 58% used [0x00000000f9300000,0x00000000f9e1ed60,0x00000000fa600000)
  to   space 19456K, 0% used [0x00000000fb080000,0x00000000fb080000,0x00000000fc380000)
 ParOldGen       total 99328K, used 42847K [0x00000000c4c00000, 0x00000000cad00000, 0x00000000ec400000)
  object space 99328K, 43% used [0x00000000c4c00000,0x00000000c75d7fc8,0x00000000cad00000)
 Metaspace       used 38462K, capacity 40474K, committed 40744K, reserved 1085440K
  class space    used 4399K, capacity 5058K, committed 5160K, reserved 1048576K
}
Event: 15.305 GC heap before
{Heap before GC invocations=14 (full 2):
 PSYoungGen      total 231424K, used 223355K [0x00000000ec400000, 0x00000000fc380000, 0x0000000100000000)
  eden space 211968K, 100% used [0x00000000ec400000,0x00000000f9300000,0x00000000f9300000)
  from space 19456K, 58% used [0x00000000f9300000,0x00000000f9e1ed60,0x00000000fa600000)
  to   space 19456K, 0% used [0x00000000fb080000,0x00000000fb080000,0x00000000fc380000)
 ParOldGen       total 99328K, used 42847K [0x00000000c4c00000, 0x00000000cad00000, 0x00000000ec400000)
  object space 99328K, 43% used [0x00000000c4c00000,0x00000000c75d7fc8,0x00000000cad00000)
 Metaspace       used 53119K, capacity 55172K, committed 55336K, reserved 1097728K
  class space    used 6818K, capacity 7420K, committed 7464K, reserved 1048576K
Event: 15.336 GC heap after
Heap after GC invocations=14 (full 2):
 PSYoungGen      total 236032K, used 19452K [0x00000000ec400000, 0x00000000fde00000, 0x0000000100000000)
  eden space 216576K, 0% used [0x00000000ec400000,0x00000000ec400000,0x00000000f9780000)
  from space 19456K, 99% used [0x00000000fb080000,0x00000000fc37f100,0x00000000fc380000)
  to   space 25600K, 0% used [0x00000000f9780000,0x00000000f9780000,0x00000000fb080000)
 ParOldGen       total 99328K, used 51821K [0x00000000c4c00000, 0x00000000cad00000, 0x00000000ec400000)
  object space 99328K, 52% used [0x00000000c4c00000,0x00000000c7e9b4d8,0x00000000cad00000)
 Metaspace       used 53119K, capacity 55172K, committed 55336K, reserved 1097728K
  class space    used 6818K, capacity 7420K, committed 7464K, reserved 1048576K
}
Event: 15.639 GC heap before
{Heap before GC invocations=15 (full 2):
 PSYoungGen      total 236032K, used 49388K [0x00000000ec400000, 0x00000000fde00000, 0x0000000100000000)
  eden space 216576K, 13% used [0x00000000ec400000,0x00000000ee13c110,0x00000000f9780000)
  from space 19456K, 99% used [0x00000000fb080000,0x00000000fc37f100,0x00000000fc380000)
  to   space 25600K, 0% used [0x00000000f9780000,0x00000000f9780000,0x00000000fb080000)
 ParOldGen       total 99328K, used 51821K [0x00000000c4c00000, 0x00000000cad00000, 0x00000000ec400000)
  object space 99328K, 52% used [0x00000000c4c00000,0x00000000c7e9b4d8,0x00000000cad00000)
 Metaspace       used 56860K, capacity 58934K, committed 59160K, reserved 1099776K
  class space    used 7296K, capacity 7899K, committed 7976K, reserved 1048576K
Event: 15.660 GC heap after
Heap after GC invocations=15 (full 2):
 PSYoungGen      total 242176K, used 20669K [0x00000000ec400000, 0x00000000ff680000, 0x0000000100000000)
  eden space 216576K, 0% used [0x00000000ec400000,0x00000000ec400000,0x00000000f9780000)
  from space 25600K, 80% used [0x00000000f9780000,0x00000000fabaf4c0,0x00000000fb080000)
  to   space 27648K, 0% used [0x00000000fdb80000,0x00000000fdb80000,0x00000000ff680000)
 ParOldGen       total 99328K, used 51829K [0x00000000c4c00000, 0x00000000cad00000, 0x00000000ec400000)
  object space 99328K, 52% used [0x00000000c4c00000,0x00000000c7e9d4d8,0x00000000cad00000)
 Metaspace       used 56860K, capacity 58934K, committed 59160K, reserved 1099776K
  class space    used 7296K, capacity 7899K, committed 7976K, reserved 1048576K
}
Event: 15.660 GC heap before
{Heap before GC invocations=16 (full 3):
 PSYoungGen      total 242176K, used 20669K [0x00000000ec400000, 0x00000000ff680000, 0x0000000100000000)
  eden space 216576K, 0% used [0x00000000ec400000,0x00000000ec400000,0x00000000f9780000)
  from space 25600K, 80% used [0x00000000f9780000,0x00000000fabaf4c0,0x00000000fb080000)
  to   space 27648K, 0% used [0x00000000fdb80000,0x00000000fdb80000,0x00000000ff680000)
 ParOldGen       total 99328K, used 51829K [0x00000000c4c00000, 0x00000000cad00000, 0x00000000ec400000)
  object space 99328K, 52% used [0x00000000c4c00000,0x00000000c7e9d4d8,0x00000000cad00000)
 Metaspace       used 56860K, capacity 58934K, committed 59160K, reserved 1099776K
  class space    used 7296K, capacity 7899K, committed 7976K, reserved 1048576K
Event: 15.878 GC heap after
Heap after GC invocations=16 (full 3):
 PSYoungGen      total 242176K, used 0K [0x00000000ec400000, 0x00000000ff680000, 0x0000000100000000)
  eden space 216576K, 0% used [0x00000000ec400000,0x00000000ec400000,0x00000000f9780000)
  from space 25600K, 0% used [0x00000000f9780000,0x00000000f9780000,0x00000000fb080000)
  to   space 27648K, 0% used [0x00000000fdb80000,0x00000000fdb80000,0x00000000ff680000)
 ParOldGen       total 128512K, used 53424K [0x00000000c4c00000, 0x00000000cc980000, 0x00000000ec400000)
  object space 128512K, 41% used [0x00000000c4c00000,0x00000000c802c2d0,0x00000000cc980000)
 Metaspace       used 56860K, capacity 58934K, committed 59160K, reserved 1099776K
  class space    used 7296K, capacity 7899K, committed 7976K, reserved 1048576K
}
Event: 18.268 GC heap before
{Heap before GC invocations=17 (full 3):
 PSYoungGen      total 242176K, used 216576K [0x00000000ec400000, 0x00000000ff680000, 0x0000000100000000)
  eden space 216576K, 100% used [0x00000000ec400000,0x00000000f9780000,0x00000000f9780000)
  from space 25600K, 0% used [0x00000000f9780000,0x00000000f9780000,0x00000000fb080000)
  to   space 27648K, 0% used [0x00000000fdb80000,0x00000000fdb80000,0x00000000ff680000)
 ParOldGen       total 128512K, used 53424K [0x00000000c4c00000, 0x00000000cc980000, 0x00000000ec400000)
  object space 128512K, 41% used [0x00000000c4c00000,0x00000000c802c2d0,0x00000000cc980000)
 Metaspace       used 63211K, capacity 66632K, committed 66840K, reserved 1107968K
  class space    used 8144K, capacity 8970K, committed 9000K, reserved 1048576K
Event: 18.295 GC heap after
Heap after GC invocations=17 (full 3):
 PSYoungGen      total 284672K, used 19824K [0x00000000ec400000, 0x00000000ffb00000, 0x0000000100000000)
  eden space 257024K, 0% used [0x00000000ec400000,0x00000000ec400000,0x00000000fbf00000)
  from space 27648K, 71% used [0x00000000fdb80000,0x00000000feedc280,0x00000000ff680000)
  to   space 29184K, 0% used [0x00000000fbf00000,0x00000000fbf00000,0x00000000fdb80000)
 ParOldGen       total 128512K, used 53432K [0x00000000c4c00000, 0x00000000cc980000, 0x00000000ec400000)
  object space 128512K, 41% used [0x00000000c4c00000,0x00000000c802e2d0,0x00000000cc980000)
 Metaspace       used 63211K, capacity 66632K, committed 66840K, reserved 1107968K
  class space    used 8144K, capacity 8970K, committed 9000K, reserved 1048576K
}
Event: 19.726 GC heap before
{Heap before GC invocations=18 (full 3):
 PSYoungGen      total 284672K, used 276848K [0x00000000ec400000, 0x00000000ffb00000, 0x0000000100000000)
  eden space 257024K, 100% used [0x00000000ec400000,0x00000000fbf00000,0x00000000fbf00000)
  from space 27648K, 71% used [0x00000000fdb80000,0x00000000feedc280,0x00000000ff680000)
  to   space 29184K, 0% used [0x00000000fbf00000,0x00000000fbf00000,0x00000000fdb80000)
 ParOldGen       total 128512K, used 53432K [0x00000000c4c00000, 0x00000000cc980000, 0x00000000ec400000)
  object space 128512K, 41% used [0x00000000c4c00000,0x00000000c802e2d0,0x00000000cc980000)
 Metaspace       used 64354K, capacity 68104K, committed 68248K, reserved 1107968K
  class space    used 8261K, capacity 9116K, committed 9128K, reserved 1048576K
Event: 19.752 GC heap after
Heap after GC invocations=18 (full 3):
 PSYoungGen      total 286208K, used 14164K [0x00000000ec400000, 0x00000000fff80000, 0x0000000100000000)
  eden space 257024K, 0% used [0x00000000ec400000,0x00000000ec400000,0x00000000fbf00000)
  from space 29184K, 48% used [0x00000000fbf00000,0x00000000fccd5148,0x00000000fdb80000)
  to   space 28160K, 0% used [0x00000000fe400000,0x00000000fe400000,0x00000000fff80000)
 ParOldGen       total 128512K, used 53440K [0x00000000c4c00000, 0x00000000cc980000, 0x00000000ec400000)
  object space 128512K, 41% used [0x00000000c4c00000,0x00000000c80302d0,0x00000000cc980000)
 Metaspace       used 64354K, capacity 68104K, committed 68248K, reserved 1107968K
  class space    used 8261K, capacity 9116K, committed 9128K, reserved 1048576K
}
Event: 20.855 GC heap before
{Heap before GC invocations=19 (full 3):
 PSYoungGen      total 286208K, used 271188K [0x00000000ec400000, 0x00000000fff80000, 0x0000000100000000)
  eden space 257024K, 100% used [0x00000000ec400000,0x00000000fbf00000,0x00000000fbf00000)
  from space 29184K, 48% used [0x00000000fbf00000,0x00000000fccd5148,0x00000000fdb80000)
  to   space 28160K, 0% used [0x00000000fe400000,0x00000000fe400000,0x00000000fff80000)
 ParOldGen       total 128512K, used 53440K [0x00000000c4c00000, 0x00000000cc980000, 0x00000000ec400000)
  object space 128512K, 41% used [0x00000000c4c00000,0x00000000c80302d0,0x00000000cc980000)
 Metaspace       used 64658K, capacity 68472K, committed 68632K, reserved 1107968K
  class space    used 8272K, capacity 9132K, committed 9256K, reserved 1048576K
Event: 20.918 GC heap after
Heap after GC invocations=19 (full 3):
 PSYoungGen      total 284160K, used 28148K [0x00000000ec400000, 0x0000000100000000, 0x0000000100000000)
  eden space 256000K, 0% used [0x00000000ec400000,0x00000000ec400000,0x00000000fbe00000)
  from space 28160K, 99% used [0x00000000fe400000,0x00000000fff7d050,0x00000000fff80000)
  to   space 33792K, 0% used [0x00000000fbe00000,0x00000000fbe00000,0x00000000fdf00000)
 ParOldGen       total 128512K, used 57411K [0x00000000c4c00000, 0x00000000cc980000, 0x00000000ec400000)
  object space 128512K, 44% used [0x00000000c4c00000,0x00000000c8410f08,0x00000000cc980000)
 Metaspace       used 64658K, capacity 68472K, committed 68632K, reserved 1107968K
  class space    used 8272K, capacity 9132K, committed 9256K, reserved 1048576K
}
Event: 21.963 GC heap before
{Heap before GC invocations=20 (full 3):
 PSYoungGen      total 284160K, used 284148K [0x00000000ec400000, 0x0000000100000000, 0x0000000100000000)
  eden space 256000K, 100% used [0x00000000ec400000,0x00000000fbe00000,0x00000000fbe00000)
  from space 28160K, 99% used [0x00000000fe400000,0x00000000fff7d050,0x00000000fff80000)
  to   space 33792K, 0% used [0x00000000fbe00000,0x00000000fbe00000,0x00000000fdf00000)
 ParOldGen       total 128512K, used 57411K [0x00000000c4c00000, 0x00000000cc980000, 0x00000000ec400000)
  object space 128512K, 44% used [0x00000000c4c00000,0x00000000c8410f08,0x00000000cc980000)
 Metaspace       used 64788K, capacity 68576K, committed 68888K, reserved 1110016K
  class space    used 8277K, capacity 9140K, committed 9256K, reserved 1048576K
Event: 22.032 GC heap after
Heap after GC invocations=20 (full 3):
 PSYoungGen      total 284160K, used 28041K [0x00000000ec400000, 0x0000000100000000, 0x0000000100000000)
  eden space 256000K, 0% used [0x00000000ec400000,0x00000000ec400000,0x00000000fbe00000)
  from space 28160K, 99% used [0x00000000fbe00000,0x00000000fd9624c0,0x00000000fd980000)
  to   space 36864K, 0% used [0x00000000fdc00000,0x00000000fdc00000,0x0000000100000000)
 ParOldGen       total 128512K, used 57411K [0x00000000c4c00000, 0x00000000cc980000, 0x00000000ec400000)
  object space 128512K, 44% used [0x00000000c4c00000,0x00000000c8410f08,0x00000000cc980000)
 Metaspace       used 64788K, capacity 68576K, committed 68888K, reserved 1110016K
  class space    used 8277K, capacity 9140K, committed 9256K, reserved 1048576K
}
Event: 22.988 GC heap before
{Heap before GC invocations=21 (full 3):
 PSYoungGen      total 284160K, used 284041K [0x00000000ec400000, 0x0000000100000000, 0x0000000100000000)
  eden space 256000K, 100% used [0x00000000ec400000,0x00000000fbe00000,0x00000000fbe00000)
  from space 28160K, 99% used [0x00000000fbe00000,0x00000000fd9624c0,0x00000000fd980000)
  to   space 36864K, 0% used [0x00000000fdc00000,0x00000000fdc00000,0x0000000100000000)
 ParOldGen       total 128512K, used 57411K [0x00000000c4c00000, 0x00000000cc980000, 0x00000000ec400000)
  object space 128512K, 44% used [0x00000000c4c00000,0x00000000c8410f08,0x00000000cc980000)
 Metaspace       used 64931K, capacity 68732K, committed 68888K, reserved 1110016K
  class space    used 8278K, capacity 9140K, committed 9256K, reserved 1048576K
Event: 23.089 GC heap after
Heap after GC invocations=21 (full 3):
 PSYoungGen      total 268288K, used 36832K [0x00000000ec400000, 0x0000000100000000, 0x0000000100000000)
  eden space 231424K, 0% used [0x00000000ec400000,0x00000000ec400000,0x00000000fa600000)
  from space 36864K, 99% used [0x00000000fdc00000,0x00000000ffff8250,0x0000000100000000)
  to   space 46080K, 0% used [0x00000000fa600000,0x00000000fa600000,0x00000000fd300000)
 ParOldGen       total 128512K, used 67925K [0x00000000c4c00000, 0x00000000cc980000, 0x00000000ec400000)
  object space 128512K, 52% used [0x00000000c4c00000,0x00000000c8e55568,0x00000000cc980000)
 Metaspace       used 64931K, capacity 68732K, committed 68888K, reserved 1110016K
  class space    used 8278K, capacity 9140K, committed 9256K, reserved 1048576K
}
Event: 23.892 GC heap before
{Heap before GC invocations=22 (full 3):
 PSYoungGen      total 268288K, used 268256K [0x00000000ec400000, 0x0000000100000000, 0x0000000100000000)
  eden space 231424K, 100% used [0x00000000ec400000,0x00000000fa600000,0x00000000fa600000)
  from space 36864K, 99% used [0x00000000fdc00000,0x00000000ffff8250,0x0000000100000000)
  to   space 46080K, 0% used [0x00000000fa600000,0x00000000fa600000,0x00000000fd300000)
 ParOldGen       total 128512K, used 67925K [0x00000000c4c00000, 0x00000000cc980000, 0x00000000ec400000)
  object space 128512K, 52% used [0x00000000c4c00000,0x00000000c8e55568,0x00000000cc980000)
 Metaspace       used 65016K, capacity 68832K, committed 69144K, reserved 1110016K
  class space    used 8285K, capacity 9182K, committed 9256K, reserved 1048576K
Event: 23.937 GC heap after
Heap after GC invocations=22 (full 3):
 PSYoungGen      total 273408K, used 41834K [0x00000000ec400000, 0x0000000100000000, 0x0000000100000000)
  eden space 231424K, 0% used [0x00000000ec400000,0x00000000ec400000,0x00000000fa600000)
  from space 41984K, 99% used [0x00000000fa600000,0x00000000fceda950,0x00000000fcf00000)
  to   space 50176K, 0% used [0x00000000fcf00000,0x00000000fcf00000,0x0000000100000000)
 ParOldGen       total 128512K, used 67933K [0x00000000c4c00000, 0x00000000cc980000, 0x00000000ec400000)
  object space 128512K, 52% used [0x00000000c4c00000,0x00000000c8e57568,0x00000000cc980000)
 Metaspace       used 65016K, capacity 68832K, committed 69144K, reserved 1110016K
  class space    used 8285K, capacity 9182K, committed 9256K, reserved 1048576K
}
Event: 24.749 GC heap before
{Heap before GC invocations=23 (full 3):
 PSYoungGen      total 273408K, used 273258K [0x00000000ec400000, 0x0000000100000000, 0x0000000100000000)
  eden space 231424K, 100% used [0x00000000ec400000,0x00000000fa600000,0x00000000fa600000)
  from space 41984K, 99% used [0x00000000fa600000,0x00000000fceda950,0x00000000fcf00000)
  to   space 50176K, 0% used [0x00000000fcf00000,0x00000000fcf00000,0x0000000100000000)
 ParOldGen       total 128512K, used 67933K [0x00000000c4c00000, 0x00000000cc980000, 0x00000000ec400000)
  object space 128512K, 52% used [0x00000000c4c00000,0x00000000c8e57568,0x00000000cc980000)
 Metaspace       used 65097K, capacity 68906K, committed 69144K, reserved 1110016K
  class space    used 8289K, capacity 9183K, committed 9256K, reserved 1048576K
Event: 24.831 GC heap after
Heap after GC invocations=23 (full 3):
 PSYoungGen      total 247808K, used 50144K [0x00000000ec400000, 0x0000000100000000, 0x0000000100000000)
  eden space 197632K, 0% used [0x00000000ec400000,0x00000000ec400000,0x00000000f8500000)
  from space 50176K, 99% used [0x00000000fcf00000,0x00000000ffff8030,0x0000000100000000)
  to   space 62976K, 0% used [0x00000000f8500000,0x00000000f8500000,0x00000000fc280000)
 ParOldGen       total 128512K, used 76509K [0x00000000c4c00000, 0x00000000cc980000, 0x00000000ec400000)
  object space 128512K, 59% used [0x00000000c4c00000,0x00000000c96b7448,0x00000000cc980000)
 Metaspace       used 65097K, capacity 68906K, committed 69144K, reserved 1110016K
  class space    used 8289K, capacity 9183K, committed 9256K, reserved 1048576K
}
Event: 25.418 GC heap before
{Heap before GC invocations=24 (full 3):
 PSYoungGen      total 247808K, used 247776K [0x00000000ec400000, 0x0000000100000000, 0x0000000100000000)
  eden space 197632K, 100% used [0x00000000ec400000,0x00000000f8500000,0x00000000f8500000)
  from space 50176K, 99% used [0x00000000fcf00000,0x00000000ffff8030,0x0000000100000000)
  to   space 62976K, 0% used [0x00000000f8500000,0x00000000f8500000,0x00000000fc280000)
 ParOldGen       total 128512K, used 76509K [0x00000000c4c00000, 0x00000000cc980000, 0x00000000ec400000)
  object space 128512K, 59% used [0x00000000c4c00000,0x00000000c96b7448,0x00000000cc980000)
 Metaspace       used 65160K, capacity 68986K, committed 69144K, reserved 1110016K
  class space    used 8297K, capacity 9185K, committed 9256K, reserved 1048576K
Event: 25.535 GC heap after
Heap after GC invocations=24 (full 3):
 PSYoungGen      total 251392K, used 53422K [0x00000000ec400000, 0x0000000100000000, 0x0000000100000000)
  eden space 197632K, 0% used [0x00000000ec400000,0x00000000ec400000,0x00000000f8500000)
  from space 53760K, 99% used [0x00000000f8500000,0x00000000fb92b988,0x00000000fb980000)
  to   space 69632K, 0% used [0x00000000fbc00000,0x00000000fbc00000,0x0000000100000000)
 ParOldGen       total 128512K, used 77903K [0x00000000c4c00000, 0x00000000cc980000, 0x00000000ec400000)
  object space 128512K, 60% used [0x00000000c4c00000,0x00000000c9813c68,0x00000000cc980000)
 Metaspace       used 65160K, capacity 68986K, committed 69144K, reserved 1110016K
  class space    used 8297K, capacity 9185K, committed 9256K, reserved 1048576K
}
Event: 26.109 GC heap before
{Heap before GC invocations=25 (full 3):
 PSYoungGen      total 251392K, used 251054K [0x00000000ec400000, 0x0000000100000000, 0x0000000100000000)
  eden space 197632K, 100% used [0x00000000ec400000,0x00000000f8500000,0x00000000f8500000)
  from space 53760K, 99% used [0x00000000f8500000,0x00000000fb92b988,0x00000000fb980000)
  to   space 69632K, 0% used [0x00000000fbc00000,0x00000000fbc00000,0x0000000100000000)
 ParOldGen       total 128512K, used 77903K [0x00000000c4c00000, 0x00000000cc980000, 0x00000000ec400000)
  object space 128512K, 60% used [0x00000000c4c00000,0x00000000c9813c68,0x00000000cc980000)
 Metaspace       used 65220K, capacity 69060K, committed 69144K, reserved 1110016K
  class space    used 8297K, capacity 9186K, committed 9256K, reserved 1048576K
Event: 26.208 GC heap after
Heap after GC invocations=25 (full 3):
 PSYoungGen      total 251904K, used 42195K [0x00000000ec400000, 0x0000000100000000, 0x0000000100000000)
  eden space 182272K, 0% used [0x00000000ec400000,0x00000000ec400000,0x00000000f7600000)
  from space 69632K, 60% used [0x00000000fbc00000,0x00000000fe534c60,0x0000000100000000)
  to   space 70656K, 0% used [0x00000000f7600000,0x00000000f7600000,0x00000000fbb00000)
 ParOldGen       total 128512K, used 95295K [0x00000000c4c00000, 0x00000000cc980000, 0x00000000ec400000)
  object space 128512K, 74% used [0x00000000c4c00000,0x00000000ca90fc78,0x00000000cc980000)
 Metaspace       used 65220K, capacity 69060K, committed 69144K, reserved 1110016K
  class space    used 8297K, capacity 9186K, committed 9256K, reserved 1048576K
}
Event: 26.726 GC heap before
{Heap before GC invocations=26 (full 3):
 PSYoungGen      total 251904K, used 224467K [0x00000000ec400000, 0x0000000100000000, 0x0000000100000000)
  eden space 182272K, 100% used [0x00000000ec400000,0x00000000f7600000,0x00000000f7600000)
  from space 69632K, 60% used [0x00000000fbc00000,0x00000000fe534c60,0x0000000100000000)
  to   space 70656K, 0% used [0x00000000f7600000,0x00000000f7600000,0x00000000fbb00000)
 ParOldGen       total 128512K, used 95295K [0x00000000c4c00000, 0x00000000cc980000, 0x00000000ec400000)
  object space 128512K, 74% used [0x00000000c4c00000,0x00000000ca90fc78,0x00000000cc980000)
 Metaspace       used 65247K, capacity 69136K, committed 69400K, reserved 1110016K
  class space    used 8297K, capacity 9186K, committed 9256K, reserved 1048576K
Event: 26.780 GC heap after
Heap after GC invocations=26 (full 3):
 PSYoungGen      total 215552K, used 32991K [0x00000000ec400000, 0x00000000ffc00000, 0x0000000100000000)
  eden space 182272K, 0% used [0x00000000ec400000,0x00000000ec400000,0x00000000f7600000)
  from space 33280K, 99% used [0x00000000f7600000,0x00000000f9637ef8,0x00000000f9680000)
  to   space 68096K, 0% used [0x00000000fb980000,0x00000000fb980000,0x00000000ffc00000)
 ParOldGen       total 128512K, used 102687K [0x00000000c4c00000, 0x00000000cc980000, 0x00000000ec400000)
  object space 128512K, 79% used [0x00000000c4c00000,0x00000000cb047c88,0x00000000cc980000)
 Metaspace       used 65247K, capacity 69136K, committed 69400K, reserved 1110016K
  class space    used 8297K, capacity 9186K, committed 9256K, reserved 1048576K
}
Event: 27.299 GC heap before
{Heap before GC invocations=27 (full 3):
 PSYoungGen      total 215552K, used 215263K [0x00000000ec400000, 0x00000000ffc00000, 0x0000000100000000)
  eden space 182272K, 100% used [0x00000000ec400000,0x00000000f7600000,0x00000000f7600000)
  from space 33280K, 99% used [0x00000000f7600000,0x00000000f9637ef8,0x00000000f9680000)
  to   space 68096K, 0% used [0x00000000fb980000,0x00000000fb980000,0x00000000ffc00000)
 ParOldGen       total 128512K, used 102687K [0x00000000c4c00000, 0x00000000cc980000, 0x00000000ec400000)
  object space 128512K, 79% used [0x00000000c4c00000,0x00000000cb047c88,0x00000000cc980000)
 Metaspace       used 65272K, capacity 69160K, committed 69400K, reserved 1110016K
  class space    used 8298K, capacity 9188K, committed 9256K, reserved 1048576K
Event: 27.363 GC heap after
Heap after GC invocations=27 (full 3):
 PSYoungGen      total 253952K, used 21371K [0x00000000ec400000, 0x0000000100000000, 0x0000000100000000)
  eden space 185856K, 0% used [0x00000000ec400000,0x00000000ec400000,0x00000000f7980000)
  from space 68096K, 31% used [0x00000000fb980000,0x00000000fce5eef0,0x00000000ffc00000)
  to   space 65536K, 0% used [0x00000000f7980000,0x00000000f7980000,0x00000000fb980000)
 ParOldGen       total 128512K, used 121911K [0x00000000c4c00000, 0x00000000cc980000, 0x00000000ec400000)
  object space 128512K, 94% used [0x00000000c4c00000,0x00000000cc30dc98,0x00000000cc980000)
 Metaspace       used 65272K, capacity 69160K, committed 69400K, reserved 1110016K
  class space    used 8298K, capacity 9188K, committed 9256K, reserved 1048576K
}
Event: 27.363 GC heap before
{Heap before GC invocations=28 (full 4):
 PSYoungGen      total 253952K, used 21371K [0x00000000ec400000, 0x0000000100000000, 0x0000000100000000)
  eden space 185856K, 0% used [0x00000000ec400000,0x00000000ec400000,0x00000000f7980000)
  from space 68096K, 31% used [0x00000000fb980000,0x00000000fce5eef0,0x00000000ffc00000)
  to   space 65536K, 0% used [0x00000000f7980000,0x00000000f7980000,0x00000000fb980000)
 ParOldGen       total 128512K, used 121911K [0x00000000c4c00000, 0x00000000cc980000, 0x00000000ec400000)
  object space 128512K, 94% used [0x00000000c4c00000,0x00000000cc30dc98,0x00000000cc980000)
 Metaspace       used 65272K, capacity 69160K, committed 69400K, reserved 1110016K
  class space    used 8298K, capacity 9188K, committed 9256K, reserved 1048576K
Event: 27.584 GC heap after
Heap after GC invocations=28 (full 4):
 PSYoungGen      total 253952K, used 0K [0x00000000ec400000, 0x0000000100000000, 0x0000000100000000)
  eden space 185856K, 0% used [0x00000000ec400000,0x00000000ec400000,0x00000000f7980000)
  from space 68096K, 0% used [0x00000000fb980000,0x00000000fb980000,0x00000000ffc00000)
  to   space 65536K, 0% used [0x00000000f7980000,0x00000000f7980000,0x00000000fb980000)
 ParOldGen       total 166400K, used 71002K [0x00000000c4c00000, 0x00000000cee80000, 0x00000000ec400000)
  object space 166400K, 42% used [0x00000000c4c00000,0x00000000c9156880,0x00000000cee80000)
 Metaspace       used 65272K, capacity 69160K, committed 69400K, reserved 1110016K
  class space    used 8298K, capacity 9188K, committed 9256K, reserved 1048576K
}
Event: 28.092 GC heap before
{Heap before GC invocations=29 (full 4):
 PSYoungGen      total 253952K, used 185856K [0x00000000ec400000, 0x0000000100000000, 0x0000000100000000)
  eden space 185856K, 100% used [0x00000000ec400000,0x00000000f7980000,0x00000000f7980000)
  from space 68096K, 0% used [0x00000000fb980000,0x00000000fb980000,0x00000000ffc00000)
  to   space 65536K, 0% used [0x00000000f7980000,0x00000000f7980000,0x00000000fb980000)
 ParOldGen       total 166400K, used 71002K [0x00000000c4c00000, 0x00000000cee80000, 0x00000000ec400000)
  object space 166400K, 42% used [0x00000000c4c00000,0x00000000c9156880,0x00000000cee80000)
 Metaspace       used 65308K, capacity 69174K, committed 69400K, reserved 1110016K
  class space    used 8300K, capacity 9189K, committed 9256K, reserved 1048576K
Event: 28.120 GC heap after
Heap after GC invocations=29 (full 4):
 PSYoungGen      total 251392K, used 20773K [0x00000000ec400000, 0x00000000ff980000, 0x0000000100000000)
  eden space 185856K, 0% used [0x00000000ec400000,0x00000000ec400000,0x00000000f7980000)
  from space 65536K, 31% used [0x00000000f7980000,0x00000000f8dc9620,0x00000000fb980000)
  to   space 63488K, 0% used [0x00000000fbb80000,0x00000000fbb80000,0x00000000ff980000)
 ParOldGen       total 166400K, used 71010K [0x00000000c4c00000, 0x00000000cee80000, 0x00000000ec400000)
  object space 166400K, 42% used [0x00000000c4c00000,0x00000000c9158880,0x00000000cee80000)
 Metaspace       used 65308K, capacity 69174K, committed 69400K, reserved 1110016K
  class space    used 8300K, capacity 9189K, committed 9256K, reserved 1048576K
}
Event: 28.608 GC heap before
{Heap before GC invocations=30 (full 4):
 PSYoungGen      total 251392K, used 206629K [0x00000000ec400000, 0x00000000ff980000, 0x0000000100000000)
  eden space 185856K, 100% used [0x00000000ec400000,0x00000000f7980000,0x00000000f7980000)
  from space 65536K, 31% used [0x00000000f7980000,0x00000000f8dc9620,0x00000000fb980000)
  to   space 63488K, 0% used [0x00000000fbb80000,0x00000000fbb80000,0x00000000ff980000)
 ParOldGen       total 166400K, used 71010K [0x00000000c4c00000, 0x00000000cee80000, 0x00000000ec400000)
  object space 166400K, 42% used [0x00000000c4c00000,0x00000000c9158880,0x00000000cee80000)
 Metaspace       used 65340K, capacity 69242K, committed 69400K, reserved 1110016K
  class space    used 8301K, capacity 9189K, committed 9256K, reserved 1048576K
Event: 28.638 GC heap after
Heap after GC invocations=30 (full 4):
 PSYoungGen      total 254976K, used 15276K [0x00000000ec400000, 0x00000000ffb00000, 0x0000000100000000)
  eden space 191488K, 0% used [0x00000000ec400000,0x00000000ec400000,0x00000000f7f00000)
  from space 63488K, 24% used [0x00000000fbb80000,0x00000000fca6b170,0x00000000ff980000)
  to   space 61952K, 0% used [0x00000000f7f00000,0x00000000f7f00000,0x00000000fbb80000)
 ParOldGen       total 166400K, used 71010K [0x00000000c4c00000, 0x00000000cee80000, 0x00000000ec400000)
  object space 166400K, 42% used [0x00000000c4c00000,0x00000000c9158880,0x00000000cee80000)
 Metaspace       used 65340K, capacity 69242K, committed 69400K, reserved 1110016K
  class space    used 8301K, capacity 9189K, committed 9256K, reserved 1048576K
}
Event: 29.171 GC heap before
{Heap before GC invocations=31 (full 4):
 PSYoungGen      total 254976K, used 206764K [0x00000000ec400000, 0x00000000ffb00000, 0x0000000100000000)
  eden space 191488K, 100% used [0x00000000ec400000,0x00000000f7f00000,0x00000000f7f00000)
  from space 63488K, 24% used [0x00000000fbb80000,0x00000000fca6b170,0x00000000ff980000)
  to   space 61952K, 0% used [0x00000000f7f00000,0x00000000f7f00000,0x00000000fbb80000)
 ParOldGen       total 166400K, used 71010K [0x00000000c4c00000, 0x00000000cee80000, 0x00000000ec400000)
  object space 166400K, 42% used [0x00000000c4c00000,0x00000000c9158880,0x00000000cee80000)
 Metaspace       used 65377K, capacity 69250K, committed 69400K, reserved 1110016K
  class space    used 8301K, capacity 9189K, committed 9256K, reserved 1048576K
Event: 29.220 GC heap after
Heap after GC invocations=31 (full 4):
 PSYoungGen      total 253440K, used 26640K [0x00000000ec400000, 0x00000000ff780000, 0x0000000100000000)
  eden space 191488K, 0% used [0x00000000ec400000,0x00000000ec400000,0x00000000f7f00000)
  from space 61952K, 43% used [0x00000000f7f00000,0x00000000f99042a8,0x00000000fbb80000)
  to   space 58368K, 0% used [0x00000000fbe80000,0x00000000fbe80000,0x00000000ff780000)
 ParOldGen       total 166400K, used 79582K [0x00000000c4c00000, 0x00000000cee80000, 0x00000000ec400000)
  object space 166400K, 47% used [0x00000000c4c00000,0x00000000c99b7930,0x00000000cee80000)
 Metaspace       used 65377K, capacity 69250K, committed 69400K, reserved 1110016K
  class space    used 8301K, capacity 9189K, committed 9256K, reserved 1048576K
}
Event: 29.686 GC heap before
{Heap before GC invocations=32 (full 4):
 PSYoungGen      total 253440K, used 218128K [0x00000000ec400000, 0x00000000ff780000, 0x0000000100000000)
  eden space 191488K, 100% used [0x00000000ec400000,0x00000000f7f00000,0x00000000f7f00000)
  from space 61952K, 43% used [0x00000000f7f00000,0x00000000f99042a8,0x00000000fbb80000)
  to   space 58368K, 0% used [0x00000000fbe80000,0x00000000fbe80000,0x00000000ff780000)
 ParOldGen       total 166400K, used 79582K [0x00000000c4c00000, 0x00000000cee80000, 0x00000000ec400000)
  object space 166400K, 47% used [0x00000000c4c00000,0x00000000c99b7930,0x00000000cee80000)
 Metaspace       used 65382K, capacity 69250K, committed 69400K, reserved 1110016K
  class space    used 8301K, capacity 9189K, committed 9256K, reserved 1048576K
Event: 29.712 GC heap after
Heap after GC invocations=32 (full 4):
 PSYoungGen      total 257536K, used 16313K [0x00000000ec400000, 0x00000000ffa80000, 0x0000000100000000)
  eden space 199168K, 0% used [0x00000000ec400000,0x00000000ec400000,0x00000000f8680000)
  from space 58368K, 27% used [0x00000000fbe80000,0x00000000fce6e7d8,0x00000000ff780000)
  to   space 57344K, 0% used [0x00000000f8680000,0x00000000f8680000,0x00000000fbe80000)
 ParOldGen       total 166400K, used 83834K [0x00000000c4c00000, 0x00000000cee80000, 0x00000000ec400000)
  object space 166400K, 50% used [0x00000000c4c00000,0x00000000c9dde940,0x00000000cee80000)
 Metaspace       used 65382K, capacity 69250K, committed 69400K, reserved 1110016K
  class space    used 8301K, capacity 9189K, committed 9256K, reserved 1048576K
}
Event: 30.202 GC heap before
{Heap before GC invocations=33 (full 4):
 PSYoungGen      total 257536K, used 215481K [0x00000000ec400000, 0x00000000ffa80000, 0x0000000100000000)
  eden space 199168K, 100% used [0x00000000ec400000,0x00000000f8680000,0x00000000f8680000)
  from space 58368K, 27% used [0x00000000fbe80000,0x00000000fce6e7d8,0x00000000ff780000)
  to   space 57344K, 0% used [0x00000000f8680000,0x00000000f8680000,0x00000000fbe80000)
 ParOldGen       total 166400K, used 83834K [0x00000000c4c00000, 0x00000000cee80000, 0x00000000ec400000)
  object space 166400K, 50% used [0x00000000c4c00000,0x00000000c9dde940,0x00000000cee80000)
 Metaspace       used 65414K, capacity 69330K, committed 69400K, reserved 1110016K
  class space    used 8301K, capacity 9189K, committed 9256K, reserved 1048576K
Event: 30.228 GC heap after
Heap after GC invocations=33 (full 4):
 PSYoungGen      total 256512K, used 21762K [0x00000000ec400000, 0x00000000ffa00000, 0x0000000100000000)
  eden space 199168K, 0% used [0x00000000ec400000,0x00000000ec400000,0x00000000f8680000)
  from space 57344K, 37% used [0x00000000f8680000,0x00000000f9bc09c8,0x00000000fbe80000)
  to   space 54784K, 0% used [0x00000000fc480000,0x00000000fc480000,0x00000000ffa00000)
 ParOldGen       total 166400K, used 84018K [0x00000000c4c00000, 0x00000000cee80000, 0x00000000ec400000)
  object space 166400K, 50% used [0x00000000c4c00000,0x00000000c9e0c940,0x00000000cee80000)
 Metaspace       used 65414K, capacity 69330K, committed 69400K, reserved 1110016K
  class space    used 8301K, capacity 9189K, committed 9256K, reserved 1048576K
}
Event: 30.711 GC heap before
{Heap before GC invocations=34 (full 4):
 PSYoungGen      total 256512K, used 220930K [0x00000000ec400000, 0x00000000ffa00000, 0x0000000100000000)
  eden space 199168K, 100% used [0x00000000ec400000,0x00000000f8680000,0x00000000f8680000)
  from space 57344K, 37% used [0x00000000f8680000,0x00000000f9bc09c8,0x00000000fbe80000)
  to   space 54784K, 0% used [0x00000000fc480000,0x00000000fc480000,0x00000000ffa00000)
 ParOldGen       total 166400K, used 84018K [0x00000000c4c00000, 0x00000000cee80000, 0x00000000ec400000)
  object space 166400K, 50% used [0x00000000c4c00000,0x00000000c9e0c940,0x00000000cee80000)
 Metaspace       used 65437K, capacity 69336K, committed 69656K, reserved 1110016K
  class space    used 8301K, capacity 9190K, committed 9256K, reserved 1048576K
Event: 30.729 GC heap after
Heap after GC invocations=34 (full 4):
 PSYoungGen      total 263680K, used 13819K [0x00000000ec400000, 0x00000000ffb80000, 0x0000000100000000)
  eden space 208896K, 0% used [0x00000000ec400000,0x00000000ec400000,0x00000000f9000000)
  from space 54784K, 25% used [0x00000000fc480000,0x00000000fd1fec30,0x00000000ffa00000)
  to   space 53760K, 0% used [0x00000000f9000000,0x00000000f9000000,0x00000000fc480000)
 ParOldGen       total 166400K, used 84050K [0x00000000c4c00000, 0x00000000cee80000, 0x00000000ec400000)
  object space 166400K, 50% used [0x00000000c4c00000,0x00000000c9e14940,0x00000000cee80000)
 Metaspace       used 65437K, capacity 69336K, committed 69656K, reserved 1110016K
  class space    used 8301K, capacity 9190K, committed 9256K, reserved 1048576K
}
Event: 31.216 GC heap before
{Heap before GC invocations=35 (full 4):
 PSYoungGen      total 263680K, used 222715K [0x00000000ec400000, 0x00000000ffb80000, 0x0000000100000000)
  eden space 208896K, 100% used [0x00000000ec400000,0x00000000f9000000,0x00000000f9000000)
  from space 54784K, 25% used [0x00000000fc480000,0x00000000fd1fec30,0x00000000ffa00000)
  to   space 53760K, 0% used [0x00000000f9000000,0x00000000f9000000,0x00000000fc480000)
 ParOldGen       total 166400K, used 84050K [0x00000000c4c00000, 0x00000000cee80000, 0x00000000ec400000)
  object space 166400K, 50% used [0x00000000c4c00000,0x00000000c9e14940,0x00000000cee80000)
 Metaspace       used 65437K, capacity 69336K, committed 69656K, reserved 1110016K
  class space    used 8301K, capacity 9190K, committed 9256K, reserved 1048576K
Event: 31.245 GC heap after
Heap after GC invocations=35 (full 4):
 PSYoungGen      total 262656K, used 7776K [0x00000000ec400000, 0x00000000fff00000, 0x0000000100000000)
  eden space 208896K, 0% used [0x00000000ec400000,0x00000000ec400000,0x00000000f9000000)
  from space 53760K, 14% used [0x00000000f9000000,0x00000000f9798010,0x00000000fc480000)
  to   space 53760K, 0% used [0x00000000fca80000,0x00000000fca80000,0x00000000fff00000)
 ParOldGen       total 166400K, used 94774K [0x00000000c4c00000, 0x00000000cee80000, 0x00000000ec400000)
  object space 166400K, 56% used [0x00000000c4c00000,0x00000000ca88db10,0x00000000cee80000)
 Metaspace       used 65437K, capacity 69336K, committed 69656K, reserved 1110016K
  class space    used 8301K, capacity 9190K, committed 9256K, reserved 1048576K
}
Event: 31.781 GC heap before
{Heap before GC invocations=36 (full 4):
 PSYoungGen      total 262656K, used 216672K [0x00000000ec400000, 0x00000000fff00000, 0x0000000100000000)
  eden space 208896K, 100% used [0x00000000ec400000,0x00000000f9000000,0x00000000f9000000)
  from space 53760K, 14% used [0x00000000f9000000,0x00000000f9798010,0x00000000fc480000)
  to   space 53760K, 0% used [0x00000000fca80000,0x00000000fca80000,0x00000000fff00000)
 ParOldGen       total 166400K, used 94774K [0x00000000c4c00000, 0x00000000cee80000, 0x00000000ec400000)
  object space 166400K, 56% used [0x00000000c4c00000,0x00000000ca88db10,0x00000000cee80000)
 Metaspace       used 65482K, capacity 69358K, committed 69656K, reserved 1110016K
  class space    used 8304K, capacity 9191K, committed 9256K, reserved 1048576K
Event: 31.797 GC heap after
Heap after GC invocations=36 (full 4):
 PSYoungGen      total 269312K, used 7438K [0x00000000ec400000, 0x00000000fff00000, 0x0000000100000000)
  eden space 215552K, 0% used [0x00000000ec400000,0x00000000ec400000,0x00000000f9680000)
  from space 53760K, 13% used [0x00000000fca80000,0x00000000fd1c38d8,0x00000000fff00000)
  to   space 53248K, 0% used [0x00000000f9680000,0x00000000f9680000,0x00000000fca80000)
 ParOldGen       total 166400K, used 94814K [0x00000000c4c00000, 0x00000000cee80000, 0x00000000ec400000)
  object space 166400K, 56% used [0x00000000c4c00000,0x00000000ca897b10,0x00000000cee80000)
 Metaspace       used 65482K, capacity 69358K, committed 69656K, reserved 1110016K
  class space    used 8304K, capacity 9191K, committed 9256K, reserved 1048576K
}
Event: 32.341 GC heap before
{Heap before GC invocations=37 (full 4):
 PSYoungGen      total 269312K, used 222990K [0x00000000ec400000, 0x00000000fff00000, 0x0000000100000000)
  eden space 215552K, 100% used [0x00000000ec400000,0x00000000f9680000,0x00000000f9680000)
  from space 53760K, 13% used [0x00000000fca80000,0x00000000fd1c38d8,0x00000000fff00000)
  to   space 53248K, 0% used [0x00000000f9680000,0x00000000f9680000,0x00000000fca80000)
 ParOldGen       total 166400K, used 94814K [0x00000000c4c00000, 0x00000000cee80000, 0x00000000ec400000)
  object space 166400K, 56% used [0x00000000c4c00000,0x00000000ca897b10,0x00000000cee80000)
 Metaspace       used 65545K, capacity 69512K, committed 69656K, reserved 1110016K
  class space    used 8306K, capacity 9194K, committed 9256K, reserved 1048576K
Event: 32.366 GC heap after
Heap after GC invocations=37 (full 4):
 PSYoungGen      total 236032K, used 20141K [0x00000000ec400000, 0x00000000ff980000, 0x0000000100000000)
  eden space 215552K, 0% used [0x00000000ec400000,0x00000000ec400000,0x00000000f9680000)
  from space 20480K, 98% used [0x00000000f9680000,0x00000000faa2b5d0,0x00000000faa80000)
  to   space 50176K, 0% used [0x00000000fc880000,0x00000000fc880000,0x00000000ff980000)
 ParOldGen       total 166400K, used 95190K [0x00000000c4c00000, 0x00000000cee80000, 0x00000000ec400000)
  object space 166400K, 57% used [0x00000000c4c00000,0x00000000ca8f5b10,0x00000000cee80000)
 Metaspace       used 65545K, capacity 69512K, committed 69656K, reserved 1110016K
  class space    used 8306K, capacity 9194K, committed 9256K, reserved 1048576K
}
Event: 32.887 GC heap before
{Heap before GC invocations=38 (full 4):
 PSYoungGen      total 236032K, used 235693K [0x00000000ec400000, 0x00000000ff980000, 0x0000000100000000)
  eden space 215552K, 100% used [0x00000000ec400000,0x00000000f9680000,0x00000000f9680000)
  from space 20480K, 98% used [0x00000000f9680000,0x00000000faa2b5d0,0x00000000faa80000)
  to   space 50176K, 0% used [0x00000000fc880000,0x00000000fc880000,0x00000000ff980000)
 ParOldGen       total 166400K, used 95190K [0x00000000c4c00000, 0x00000000cee80000, 0x00000000ec400000)
  object space 166400K, 57% used [0x00000000c4c00000,0x00000000ca8f5b10,0x00000000cee80000)
 Metaspace       used 65567K, capacity 69540K, committed 69656K, reserved 1110016K
  class space    used 8306K, capacity 9194K, committed 9256K, reserved 1048576K
Event: 32.909 GC heap after
Heap after GC invocations=38 (full 4):
 PSYoungGen      total 267776K, used 9900K [0x00000000ec400000, 0x0000000100000000, 0x0000000100000000)
  eden space 217600K, 0% used [0x00000000ec400000,0x00000000ec400000,0x00000000f9880000)
  from space 50176K, 19% used [0x00000000fc880000,0x00000000fd22b030,0x00000000ff980000)
  to   space 49152K, 0% used [0x00000000f9880000,0x00000000f9880000,0x00000000fc880000)
 ParOldGen       total 166400K, used 95246K [0x00000000c4c00000, 0x00000000cee80000, 0x00000000ec400000)
  object space 166400K, 57% used [0x00000000c4c00000,0x00000000ca903b10,0x00000000cee80000)
 Metaspace       used 65567K, capacity 69540K, committed 69656K, reserved 1110016K
  class space    used 8306K, capacity 9194K, committed 9256K, reserved 1048576K
}
Event: 33.459 GC heap before
{Heap before GC invocations=39 (full 4):
 PSYoungGen      total 267776K, used 227495K [0x00000000ec400000, 0x0000000100000000, 0x0000000100000000)
  eden space 217600K, 99% used [0x00000000ec400000,0x00000000f987ee60,0x00000000f9880000)
  from space 50176K, 19% used [0x00000000fc880000,0x00000000fd22b030,0x00000000ff980000)
  to   space 49152K, 0% used [0x00000000f9880000,0x00000000f9880000,0x00000000fc880000)
 ParOldGen       total 166400K, used 95246K [0x00000000c4c00000, 0x00000000cee80000, 0x00000000ec400000)
  object space 166400K, 57% used [0x00000000c4c00000,0x00000000ca903b10,0x00000000cee80000)
 Metaspace       used 65638K, capacity 69642K, committed 69912K, reserved 1110016K
  class space    used 8324K, capacity 9221K, committed 9256K, reserved 1048576K
Event: 33.463 GC heap after
Heap after GC invocations=39 (full 4):
 PSYoungGen      total 266752K, used 640K [0x00000000ec400000, 0x0000000100000000, 0x0000000100000000)
  eden space 217600K, 0% used [0x00000000ec400000,0x00000000ec400000,0x00000000f9880000)
  from space 49152K, 1% used [0x00000000f9880000,0x00000000f9920000,0x00000000fc880000)
  to   space 49664K, 0% used [0x00000000fcf80000,0x00000000fcf80000,0x0000000100000000)
 ParOldGen       total 166400K, used 95294K [0x00000000c4c00000, 0x00000000cee80000, 0x00000000ec400000)
  object space 166400K, 57% used [0x00000000c4c00000,0x00000000ca90fb10,0x00000000cee80000)
 Metaspace       used 65638K, capacity 69642K, committed 69912K, reserved 1110016K
  class space    used 8324K, capacity 9221K, committed 9256K, reserved 1048576K
}
Event: 34.086 GC heap before
{Heap before GC invocations=40 (full 4):
 PSYoungGen      total 266752K, used 218240K [0x00000000ec400000, 0x0000000100000000, 0x0000000100000000)
  eden space 217600K, 100% used [0x00000000ec400000,0x00000000f9880000,0x00000000f9880000)
  from space 49152K, 1% used [0x00000000f9880000,0x00000000f9920000,0x00000000fc880000)
  to   space 49664K, 0% used [0x00000000fcf80000,0x00000000fcf80000,0x0000000100000000)
 ParOldGen       total 166400K, used 95294K [0x00000000c4c00000, 0x00000000cee80000, 0x00000000ec400000)
  object space 166400K, 57% used [0x00000000c4c00000,0x00000000ca90fb10,0x00000000cee80000)
 Metaspace       used 65787K, capacity 69944K, committed 70296K, reserved 1110016K
  class space    used 8349K, capacity 9258K, committed 9384K, reserved 1048576K
Event: 34.096 GC heap after
Heap after GC invocations=40 (full 4):
 PSYoungGen      total 271872K, used 6097K [0x00000000ec400000, 0x00000000ffd80000, 0x0000000100000000)
  eden space 224768K, 0% used [0x00000000ec400000,0x00000000ec400000,0x00000000f9f80000)
  from space 47104K, 12% used [0x00000000fcf80000,0x00000000fd5746a0,0x00000000ffd80000)
  to   space 48128K, 0% used [0x00000000f9f80000,0x00000000f9f80000,0x00000000fce80000)
 ParOldGen       total 166400K, used 95342K [0x00000000c4c00000, 0x00000000cee80000, 0x00000000ec400000)
  object space 166400K, 57% used [0x00000000c4c00000,0x00000000ca91bb10,0x00000000cee80000)
 Metaspace       used 65787K, capacity 69944K, committed 70296K, reserved 1110016K
  class space    used 8349K, capacity 9258K, committed 9384K, reserved 1048576K
}
Event: 34.674 GC heap before
{Heap before GC invocations=41 (full 4):
 PSYoungGen      total 271872K, used 230865K [0x00000000ec400000, 0x00000000ffd80000, 0x0000000100000000)
  eden space 224768K, 100% used [0x00000000ec400000,0x00000000f9f80000,0x00000000f9f80000)
  from space 47104K, 12% used [0x00000000fcf80000,0x00000000fd5746a0,0x00000000ffd80000)
  to   space 48128K, 0% used [0x00000000f9f80000,0x00000000f9f80000,0x00000000fce80000)
 ParOldGen       total 166400K, used 95342K [0x00000000c4c00000, 0x00000000cee80000, 0x00000000ec400000)
  object space 166400K, 57% used [0x00000000c4c00000,0x00000000ca91bb10,0x00000000cee80000)
 Metaspace       used 65808K, capacity 69960K, committed 70296K, reserved 1110016K
  class space    used 8350K, capacity 9260K, committed 9384K, reserved 1048576K
Event: 34.708 GC heap after
Heap after GC invocations=41 (full 4):
 PSYoungGen      total 272896K, used 27705K [0x00000000ec400000, 0x0000000100000000, 0x0000000100000000)
  eden space 224768K, 0% used [0x00000000ec400000,0x00000000ec400000,0x00000000f9f80000)
  from space 48128K, 57% used [0x00000000f9f80000,0x00000000fba8e498,0x00000000fce80000)
  to   space 49152K, 0% used [0x00000000fd000000,0x00000000fd000000,0x0000000100000000)
 ParOldGen       total 166400K, used 95342K [0x00000000c4c00000, 0x00000000cee80000, 0x00000000ec400000)
  object space 166400K, 57% used [0x00000000c4c00000,0x00000000ca91bb10,0x00000000cee80000)
 Metaspace       used 65808K, capacity 69960K, committed 70296K, reserved 1110016K
  class space    used 8350K, capacity 9260K, committed 9384K, reserved 1048576K
}
Event: 35.210 GC heap before
{Heap before GC invocations=42 (full 4):
 PSYoungGen      total 272896K, used 252473K [0x00000000ec400000, 0x0000000100000000, 0x0000000100000000)
  eden space 224768K, 100% used [0x00000000ec400000,0x00000000f9f80000,0x00000000f9f80000)
  from space 48128K, 57% used [0x00000000f9f80000,0x00000000fba8e498,0x00000000fce80000)
  to   space 49152K, 0% used [0x00000000fd000000,0x00000000fd000000,0x0000000100000000)
 ParOldGen       total 166400K, used 95342K [0x00000000c4c00000, 0x00000000cee80000, 0x00000000ec400000)
  object space 166400K, 57% used [0x00000000c4c00000,0x00000000ca91bb10,0x00000000cee80000)
 Metaspace       used 65826K, capacity 69974K, committed 70296K, reserved 1110016K
  class space    used 8353K, capacity 9261K, committed 9384K, reserved 1048576K
Event: 35.271 GC heap after
Heap after GC invocations=42 (full 4):
 PSYoungGen      total 259072K, used 46444K [0x00000000ec400000, 0x0000000100000000, 0x0000000100000000)
  eden space 209920K, 0% used [0x00000000ec400000,0x00000000ec400000,0x00000000f9100000)
  from space 49152K, 94% used [0x00000000fd000000,0x00000000ffd5b0c8,0x0000000100000000)
  to   space 56832K, 0% used [0x00000000f9100000,0x00000000f9100000,0x00000000fc880000)
 ParOldGen       total 166400K, used 95494K [0x00000000c4c00000, 0x00000000cee80000, 0x00000000ec400000)
  object space 166400K, 57% used [0x00000000c4c00000,0x00000000ca941b10,0x00000000cee80000)
 Metaspace       used 65826K, capacity 69974K, committed 70296K, reserved 1110016K
  class space    used 8353K, capacity 9261K, committed 9384K, reserved 1048576K
}
Event: 35.825 GC heap before
{Heap before GC invocations=43 (full 4):
 PSYoungGen      total 259072K, used 256364K [0x00000000ec400000, 0x0000000100000000, 0x0000000100000000)
  eden space 209920K, 100% used [0x00000000ec400000,0x00000000f9100000,0x00000000f9100000)
  from space 49152K, 94% used [0x00000000fd000000,0x00000000ffd5b0c8,0x0000000100000000)
  to   space 56832K, 0% used [0x00000000f9100000,0x00000000f9100000,0x00000000fc880000)
 ParOldGen       total 166400K, used 95494K [0x00000000c4c00000, 0x00000000cee80000, 0x00000000ec400000)
  object space 166400K, 57% used [0x00000000c4c00000,0x00000000ca941b10,0x00000000cee80000)
 Metaspace       used 65911K, capacity 70174K, committed 70296K, reserved 1110016K
  class space    used 8369K, capacity 9287K, committed 9384K, reserved 1048576K
Event: 35.840 GC heap after
Heap after GC invocations=43 (full 4):
 PSYoungGen      total 266752K, used 3599K [0x00000000ec400000, 0x0000000100000000, 0x0000000100000000)
  eden space 209920K, 0% used [0x00000000ec400000,0x00000000ec400000,0x00000000f9100000)
  from space 56832K, 6% used [0x00000000f9100000,0x00000000f9483d38,0x00000000fc880000)
  to   space 55808K, 0% used [0x00000000fc980000,0x00000000fc980000,0x0000000100000000)
 ParOldGen       total 166400K, used 101542K [0x00000000c4c00000, 0x00000000cee80000, 0x00000000ec400000)
  object space 166400K, 61% used [0x00000000c4c00000,0x00000000caf29b90,0x00000000cee80000)
 Metaspace       used 65911K, capacity 70174K, committed 70296K, reserved 1110016K
  class space    used 8369K, capacity 9287K, committed 9384K, reserved 1048576K
}
Event: 36.334 GC heap before
{Heap before GC invocations=44 (full 4):
 PSYoungGen      total 266752K, used 213519K [0x00000000ec400000, 0x0000000100000000, 0x0000000100000000)
  eden space 209920K, 100% used [0x00000000ec400000,0x00000000f9100000,0x00000000f9100000)
  from space 56832K, 6% used [0x00000000f9100000,0x00000000f9483d38,0x00000000fc880000)
  to   space 55808K, 0% used [0x00000000fc980000,0x00000000fc980000,0x0000000100000000)
 ParOldGen       total 166400K, used 101542K [0x00000000c4c00000, 0x00000000cee80000, 0x00000000ec400000)
  object space 166400K, 61% used [0x00000000c4c00000,0x00000000caf29b90,0x00000000cee80000)
 Metaspace       used 65931K, capacity 70186K, committed 70296K, reserved 1110016K
  class space    used 8372K, capacity 9291K, committed 9384K, reserved 1048576K
Event: 36.340 GC heap after
Heap after GC invocations=44 (full 4):
 PSYoungGen      total 264704K, used 2332K [0x00000000ec400000, 0x00000000ffe00000, 0x0000000100000000)
  eden space 210944K, 0% used [0x00000000ec400000,0x00000000ec400000,0x00000000f9200000)
  from space 53760K, 4% used [0x00000000fc980000,0x00000000fcbc70b0,0x00000000ffe00000)
  to   space 55296K, 0% used [0x00000000f9200000,0x00000000f9200000,0x00000000fc800000)
 ParOldGen       total 166400K, used 101710K [0x00000000c4c00000, 0x00000000cee80000, 0x00000000ec400000)
  object space 166400K, 61% used [0x00000000c4c00000,0x00000000caf53b90,0x00000000cee80000)
 Metaspace       used 65931K, capacity 70186K, committed 70296K, reserved 1110016K
  class space    used 8372K, capacity 9291K, committed 9384K, reserved 1048576K
}
Event: 36.888 GC heap before
{Heap before GC invocations=45 (full 4):
 PSYoungGen      total 264704K, used 213276K [0x00000000ec400000, 0x00000000ffe00000, 0x0000000100000000)
  eden space 210944K, 100% used [0x00000000ec400000,0x00000000f9200000,0x00000000f9200000)
  from space 53760K, 4% used [0x00000000fc980000,0x00000000fcbc70b0,0x00000000ffe00000)
  to   space 55296K, 0% used [0x00000000f9200000,0x00000000f9200000,0x00000000fc800000)
 ParOldGen       total 166400K, used 101710K [0x00000000c4c00000, 0x00000000cee80000, 0x00000000ec400000)
  object space 166400K, 61% used [0x00000000c4c00000,0x00000000caf53b90,0x00000000cee80000)
 Metaspace       used 66058K, capacity 70300K, committed 70552K, reserved 1110016K
  class space    used 8373K, capacity 9292K, committed 9384K, reserved 1048576K
Event: 36.894 GC heap after
Heap after GC invocations=45 (full 4):
 PSYoungGen      total 266240K, used 3381K [0x00000000ec400000, 0x00000000ffe80000, 0x0000000100000000)
  eden space 210944K, 0% used [0x00000000ec400000,0x00000000ec400000,0x00000000f9200000)
  from space 55296K, 6% used [0x00000000f9200000,0x00000000f954d770,0x00000000fc800000)
  to   space 53760K, 0% used [0x00000000fca00000,0x00000000fca00000,0x00000000ffe80000)
 ParOldGen       total 166400K, used 101742K [0x00000000c4c00000, 0x00000000cee80000, 0x00000000ec400000)
  object space 166400K, 61% used [0x00000000c4c00000,0x00000000caf5bb90,0x00000000cee80000)
 Metaspace       used 66058K, capacity 70300K, committed 70552K, reserved 1110016K
  class space    used 8373K, capacity 9292K, committed 9384K, reserved 1048576K
}
Event: 37.411 GC heap before
{Heap before GC invocations=46 (full 4):
 PSYoungGen      total 266240K, used 214325K [0x00000000ec400000, 0x00000000ffe80000, 0x0000000100000000)
  eden space 210944K, 100% used [0x00000000ec400000,0x00000000f9200000,0x00000000f9200000)
  from space 55296K, 6% used [0x00000000f9200000,0x00000000f954d770,0x00000000fc800000)
  to   space 53760K, 0% used [0x00000000fca00000,0x00000000fca00000,0x00000000ffe80000)
 ParOldGen       total 166400K, used 101742K [0x00000000c4c00000, 0x00000000cee80000, 0x00000000ec400000)
  object space 166400K, 61% used [0x00000000c4c00000,0x00000000caf5bb90,0x00000000cee80000)
 Metaspace       used 66167K, capacity 70460K, committed 70552K, reserved 1110016K
  class space    used 8373K, capacity 9292K, committed 9384K, reserved 1048576K
Event: 37.418 GC heap after
Heap after GC invocations=46 (full 4):
 PSYoungGen      total 265216K, used 3616K [0x00000000ec400000, 0x00000000ffb80000, 0x0000000100000000)
  eden space 214528K, 0% used [0x00000000ec400000,0x00000000ec400000,0x00000000f9580000)
  from space 50688K, 7% used [0x00000000fca00000,0x00000000fcd88000,0x00000000ffb80000)
  to   space 52224K, 0% used [0x00000000f9580000,0x00000000f9580000,0x00000000fc880000)
 ParOldGen       total 166400K, used 101742K [0x00000000c4c00000, 0x00000000cee80000, 0x00000000ec400000)
  object space 166400K, 61% used [0x00000000c4c00000,0x00000000caf5bb90,0x00000000cee80000)
 Metaspace       used 66167K, capacity 70460K, committed 70552K, reserved 1110016K
  class space    used 8373K, capacity 9292K, committed 9384K, reserved 1048576K
}
Event: 37.906 GC heap before
{Heap before GC invocations=47 (full 4):
 PSYoungGen      total 265216K, used 218144K [0x00000000ec400000, 0x00000000ffb80000, 0x0000000100000000)
  eden space 214528K, 100% used [0x00000000ec400000,0x00000000f9580000,0x00000000f9580000)
  from space 50688K, 7% used [0x00000000fca00000,0x00000000fcd88000,0x00000000ffb80000)
  to   space 52224K, 0% used [0x00000000f9580000,0x00000000f9580000,0x00000000fc880000)
 ParOldGen       total 166400K, used 101742K [0x00000000c4c00000, 0x00000000cee80000, 0x00000000ec400000)
  object space 166400K, 61% used [0x00000000c4c00000,0x00000000caf5bb90,0x00000000cee80000)
 Metaspace       used 66194K, capacity 70466K, committed 70808K, reserved 1110016K
  class space    used 8374K, capacity 9293K, committed 9384K, reserved 1048576K
Event: 37.924 GC heap after
Heap after GC invocations=47 (full 4):
 PSYoungGen      total 266752K, used 15220K [0x00000000ec400000, 0x00000000ffa80000, 0x0000000100000000)
  eden space 214528K, 0% used [0x00000000ec400000,0x00000000ec400000,0x00000000f9580000)
  from space 52224K, 29% used [0x00000000f9580000,0x00000000fa45d248,0x00000000fc880000)
  to   space 48640K, 0% used [0x00000000fcb00000,0x00000000fcb00000,0x00000000ffa80000)
 ParOldGen       total 166400K, used 101750K [0x00000000c4c00000, 0x00000000cee80000, 0x00000000ec400000)
  object space 166400K, 61% used [0x00000000c4c00000,0x00000000caf5db90,0x00000000cee80000)
 Metaspace       used 66194K, capacity 70466K, committed 70808K, reserved 1110016K
  class space    used 8374K, capacity 9293K, committed 9384K, reserved 1048576K
}
Event: 38.428 GC heap before
{Heap before GC invocations=48 (full 4):
 PSYoungGen      total 266752K, used 229748K [0x00000000ec400000, 0x00000000ffa80000, 0x0000000100000000)
  eden space 214528K, 100% used [0x00000000ec400000,0x00000000f9580000,0x00000000f9580000)
  from space 52224K, 29% used [0x00000000f9580000,0x00000000fa45d248,0x00000000fc880000)
  to   space 48640K, 0% used [0x00000000fcb00000,0x00000000fcb00000,0x00000000ffa80000)
 ParOldGen       total 166400K, used 101750K [0x00000000c4c00000, 0x00000000cee80000, 0x00000000ec400000)
  object space 166400K, 61% used [0x00000000c4c00000,0x00000000caf5db90,0x00000000cee80000)
 Metaspace       used 66213K, capacity 70478K, committed 70808K, reserved 1110016K
  class space    used 8376K, capacity 9295K, committed 9384K, reserved 1048576K
Event: 38.436 GC heap after
Heap after GC invocations=48 (full 4):
 PSYoungGen      total 269824K, used 5035K [0x00000000ec400000, 0x00000000ff980000, 0x0000000100000000)
  eden space 222208K, 0% used [0x00000000ec400000,0x00000000ec400000,0x00000000f9d00000)
  from space 47616K, 10% used [0x00000000fcb00000,0x00000000fcfeaef0,0x00000000ff980000)
  to   space 47104K, 0% used [0x00000000f9d00000,0x00000000f9d00000,0x00000000fcb00000)
 ParOldGen       total 166400K, used 101750K [0x00000000c4c00000, 0x00000000cee80000, 0x00000000ec400000)
  object space 166400K, 61% used [0x00000000c4c00000,0x00000000caf5db90,0x00000000cee80000)
 Metaspace       used 66213K, capacity 70478K, committed 70808K, reserved 1110016K
  class space    used 8376K, capacity 9295K, committed 9384K, reserved 1048576K
}
Event: 38.922 GC heap before
{Heap before GC invocations=49 (full 4):
 PSYoungGen      total 269824K, used 227243K [0x00000000ec400000, 0x00000000ff980000, 0x0000000100000000)
  eden space 222208K, 100% used [0x00000000ec400000,0x00000000f9d00000,0x00000000f9d00000)
  from space 47616K, 10% used [0x00000000fcb00000,0x00000000fcfeaef0,0x00000000ff980000)
  to   space 47104K, 0% used [0x00000000f9d00000,0x00000000f9d00000,0x00000000fcb00000)
 ParOldGen       total 166400K, used 101750K [0x00000000c4c00000, 0x00000000cee80000, 0x00000000ec400000)
  object space 166400K, 61% used [0x00000000c4c00000,0x00000000caf5db90,0x00000000cee80000)
 Metaspace       used 66230K, capacity 70478K, committed 70808K, reserved 1110016K
  class space    used 8376K, capacity 9295K, committed 9384K, reserved 1048576K
Event: 38.943 GC heap after
Heap after GC invocations=49 (full 4):
 PSYoungGen      total 269312K, used 10067K [0x00000000ec400000, 0x00000000ff980000, 0x0000000100000000)
  eden space 222208K, 0% used [0x00000000ec400000,0x00000000ec400000,0x00000000f9d00000)
  from space 47104K, 21% used [0x00000000f9d00000,0x00000000fa6d4c18,0x00000000fcb00000)
  to   space 44032K, 0% used [0x00000000fce80000,0x00000000fce80000,0x00000000ff980000)
 ParOldGen       total 166400K, used 101750K [0x00000000c4c00000, 0x00000000cee80000, 0x00000000ec400000)
  object space 166400K, 61% used [0x00000000c4c00000,0x00000000caf5db90,0x00000000cee80000)
 Metaspace       used 66230K, capacity 70478K, committed 70808K, reserved 1110016K
  class space    used 8376K, capacity 9295K, committed 9384K, reserved 1048576K
}
Event: 39.397 GC heap before
{Heap before GC invocations=50 (full 4):
 PSYoungGen      total 269312K, used 232275K [0x00000000ec400000, 0x00000000ff980000, 0x0000000100000000)
  eden space 222208K, 100% used [0x00000000ec400000,0x00000000f9d00000,0x00000000f9d00000)
  from space 47104K, 21% used [0x00000000f9d00000,0x00000000fa6d4c18,0x00000000fcb00000)
  to   space 44032K, 0% used [0x00000000fce80000,0x00000000fce80000,0x00000000ff980000)
 ParOldGen       total 166400K, used 101750K [0x00000000c4c00000, 0x00000000cee80000, 0x00000000ec400000)
  object space 166400K, 61% used [0x00000000c4c00000,0x00000000caf5db90,0x00000000cee80000)
 Metaspace       used 66243K, capacity 70490K, committed 70808K, reserved 1110016K
  class space    used 8376K, capacity 9295K, committed 9384K, reserved 1048576K
Event: 39.422 GC heap after
Heap after GC invocations=50 (full 4):
 PSYoungGen      total 274432K, used 17220K [0x00000000ec400000, 0x00000000ffa00000, 0x0000000100000000)
  eden space 230400K, 0% used [0x00000000ec400000,0x00000000ec400000,0x00000000fa500000)
  from space 44032K, 39% used [0x00000000fce80000,0x00000000fdf51240,0x00000000ff980000)
  to   space 42496K, 0% used [0x00000000fa500000,0x00000000fa500000,0x00000000fce80000)
 ParOldGen       total 166400K, used 101750K [0x00000000c4c00000, 0x00000000cee80000, 0x00000000ec400000)
  object space 166400K, 61% used [0x00000000c4c00000,0x00000000caf5db90,0x00000000cee80000)
 Metaspace       used 66243K, capacity 70490K, committed 70808K, reserved 1110016K
  class space    used 8376K, capacity 9295K, committed 9384K, reserved 1048576K
}
Event: 39.920 GC heap before
{Heap before GC invocations=51 (full 4):
 PSYoungGen      total 274432K, used 247620K [0x00000000ec400000, 0x00000000ffa00000, 0x0000000100000000)
  eden space 230400K, 100% used [0x00000000ec400000,0x00000000fa500000,0x00000000fa500000)
  from space 44032K, 39% used [0x00000000fce80000,0x00000000fdf51240,0x00000000ff980000)
  to   space 42496K, 0% used [0x00000000fa500000,0x00000000fa500000,0x00000000fce80000)
 ParOldGen       total 166400K, used 101750K [0x00000000c4c00000, 0x00000000cee80000, 0x00000000ec400000)
  object space 166400K, 61% used [0x00000000c4c00000,0x00000000caf5db90,0x00000000cee80000)
 Metaspace       used 66251K, capacity 70562K, committed 70808K, reserved 1110016K
  class space    used 8376K, capacity 9295K, committed 9384K, reserved 1048576K
Event: 39.929 GC heap after
Heap after GC invocations=51 (full 4):
 PSYoungGen      total 272896K, used 3889K [0x00000000ec400000, 0x00000000ffc80000, 0x0000000100000000)
  eden space 230400K, 0% used [0x00000000ec400000,0x00000000ec400000,0x00000000fa500000)
  from space 42496K, 9% used [0x00000000fa500000,0x00000000fa8cc4e0,0x00000000fce80000)
  to   space 41472K, 0% used [0x00000000fd400000,0x00000000fd400000,0x00000000ffc80000)
 ParOldGen       total 166400K, used 101750K [0x00000000c4c00000, 0x00000000cee80000, 0x00000000ec400000)
  object space 166400K, 61% used [0x00000000c4c00000,0x00000000caf5db90,0x00000000cee80000)
 Metaspace       used 66251K, capacity 70562K, committed 70808K, reserved 1110016K
  class space    used 8376K, capacity 9295K, committed 9384K, reserved 1048576K
}
Event: 40.450 GC heap before
{Heap before GC invocations=52 (full 4):
 PSYoungGen      total 272896K, used 234289K [0x00000000ec400000, 0x00000000ffc80000, 0x0000000100000000)
  eden space 230400K, 100% used [0x00000000ec400000,0x00000000fa500000,0x00000000fa500000)
  from space 42496K, 9% used [0x00000000fa500000,0x00000000fa8cc4e0,0x00000000fce80000)
  to   space 41472K, 0% used [0x00000000fd400000,0x00000000fd400000,0x00000000ffc80000)
 ParOldGen       total 166400K, used 101750K [0x00000000c4c00000, 0x00000000cee80000, 0x00000000ec400000)
  object space 166400K, 61% used [0x00000000c4c00000,0x00000000caf5db90,0x00000000cee80000)
 Metaspace       used 66262K, capacity 70572K, committed 70808K, reserved 1110016K
  class space    used 8377K, capacity 9296K, committed 9384K, reserved 1048576K
Event: 40.496 GC heap after
Heap after GC invocations=52 (full 4):
 PSYoungGen      total 278528K, used 19998K [0x00000000ec400000, 0x00000000fff00000, 0x0000000100000000)
  eden space 237056K, 0% used [0x00000000ec400000,0x00000000ec400000,0x00000000fab80000)
  from space 41472K, 48% used [0x00000000fd400000,0x00000000fe787aa0,0x00000000ffc80000)
  to   space 41472K, 0% used [0x00000000fab80000,0x00000000fab80000,0x00000000fd400000)
 ParOldGen       total 166400K, used 101750K [0x00000000c4c00000, 0x00000000cee80000, 0x00000000ec400000)
  object space 166400K, 61% used [0x00000000c4c00000,0x00000000caf5db90,0x00000000cee80000)
 Metaspace       used 66262K, capacity 70572K, committed 70808K, reserved 1110016K
  class space    used 8377K, capacity 9296K, committed 9384K, reserved 1048576K
}
Event: 41.104 GC heap before
{Heap before GC invocations=53 (full 4):
 PSYoungGen      total 278528K, used 257054K [0x00000000ec400000, 0x00000000fff00000, 0x0000000100000000)
  eden space 237056K, 100% used [0x00000000ec400000,0x00000000fab80000,0x00000000fab80000)
  from space 41472K, 48% used [0x00000000fd400000,0x00000000fe787aa0,0x00000000ffc80000)
  to   space 41472K, 0% used [0x00000000fab80000,0x00000000fab80000,0x00000000fd400000)
 ParOldGen       total 166400K, used 101750K [0x00000000c4c00000, 0x00000000cee80000, 0x00000000ec400000)
  object space 166400K, 61% used [0x00000000c4c00000,0x00000000caf5db90,0x00000000cee80000)
 Metaspace       used 66293K, capacity 70582K, committed 70808K, reserved 1110016K
  class space    used 8378K, capacity 9297K, committed 9384K, reserved 1048576K
Event: 41.149 GC heap after
Heap after GC invocations=53 (full 4):
 PSYoungGen      total 273920K, used 36602K [0x00000000ec400000, 0x0000000100000000, 0x0000000100000000)
  eden space 237056K, 0% used [0x00000000ec400000,0x00000000ec400000,0x00000000fab80000)
  from space 36864K, 99% used [0x00000000fab80000,0x00000000fcf3e848,0x00000000fcf80000)
  to   space 47104K, 0% used [0x00000000fd200000,0x00000000fd200000,0x0000000100000000)
 ParOldGen       total 166400K, used 101966K [0x00000000c4c00000, 0x00000000cee80000, 0x00000000ec400000)
  object space 166400K, 61% used [0x00000000c4c00000,0x00000000caf93b90,0x00000000cee80000)
 Metaspace       used 66293K, capacity 70582K, committed 70808K, reserved 1110016K
  class space    used 8378K, capacity 9297K, committed 9384K, reserved 1048576K
}
Event: 41.681 GC heap before
{Heap before GC invocations=54 (full 4):
 PSYoungGen      total 273920K, used 273658K [0x00000000ec400000, 0x0000000100000000, 0x0000000100000000)
  eden space 237056K, 100% used [0x00000000ec400000,0x00000000fab80000,0x00000000fab80000)
  from space 36864K, 99% used [0x00000000fab80000,0x00000000fcf3e848,0x00000000fcf80000)
  to   space 47104K, 0% used [0x00000000fd200000,0x00000000fd200000,0x0000000100000000)
 ParOldGen       total 166400K, used 101966K [0x00000000c4c00000, 0x00000000cee80000, 0x00000000ec400000)
  object space 166400K, 61% used [0x00000000c4c00000,0x00000000caf93b90,0x00000000cee80000)
 Metaspace       used 66336K, capacity 70614K, committed 70808K, reserved 1110016K
  class space    used 8386K, capacity 9307K, committed 9384K, reserved 1048576K
Event: 41.702 GC heap after
Heap after GC invocations=54 (full 4):
 PSYoungGen      total 279552K, used 15792K [0x00000000ec400000, 0x0000000100000000, 0x0000000100000000)
  eden space 232448K, 0% used [0x00000000ec400000,0x00000000ec400000,0x00000000fa700000)
  from space 47104K, 33% used [0x00000000fd200000,0x00000000fe16c020,0x0000000100000000)
  to   space 44032K, 0% used [0x00000000fa700000,0x00000000fa700000,0x00000000fd200000)
 ParOldGen       total 166400K, used 102054K [0x00000000c4c00000, 0x00000000cee80000, 0x00000000ec400000)
  object space 166400K, 61% used [0x00000000c4c00000,0x00000000cafa9b90,0x00000000cee80000)
 Metaspace       used 66336K, capacity 70614K, committed 70808K, reserved 1110016K
  class space    used 8386K, capacity 9307K, committed 9384K, reserved 1048576K
}
Event: 42.271 GC heap before
{Heap before GC invocations=55 (full 4):
 PSYoungGen      total 279552K, used 248240K [0x00000000ec400000, 0x0000000100000000, 0x0000000100000000)
  eden space 232448K, 100% used [0x00000000ec400000,0x00000000fa700000,0x00000000fa700000)
  from space 47104K, 33% used [0x00000000fd200000,0x00000000fe16c020,0x0000000100000000)
  to   space 44032K, 0% used [0x00000000fa700000,0x00000000fa700000,0x00000000fd200000)
 ParOldGen       total 166400K, used 102054K [0x00000000c4c00000, 0x00000000cee80000, 0x00000000ec400000)
  object space 166400K, 61% used [0x00000000c4c00000,0x00000000cafa9b90,0x00000000cee80000)
 Metaspace       used 66345K, capacity 70620K, committed 70808K, reserved 1110016K
  class space    used 8388K, capacity 9308K, committed 9384K, reserved 1048576K
Event: 42.277 GC heap after
Heap after GC invocations=55 (full 4):
 PSYoungGen      total 237056K, used 4157K [0x00000000ec400000, 0x00000000ffb00000, 0x0000000100000000)
  eden space 232448K, 0% used [0x00000000ec400000,0x00000000ec400000,0x00000000fa700000)
  from space 4608K, 90% used [0x00000000fa700000,0x00000000fab0f600,0x00000000fab80000)
  to   space 43008K, 0% used [0x00000000fd100000,0x00000000fd100000,0x00000000ffb00000)
 ParOldGen       total 166400K, used 102110K [0x00000000c4c00000, 0x00000000cee80000, 0x00000000ec400000)
  object space 166400K, 61% used [0x00000000c4c00000,0x00000000cafb7b90,0x00000000cee80000)
 Metaspace       used 66345K, capacity 70620K, committed 70808K, reserved 1110016K
  class space    used 8388K, capacity 9308K, committed 9384K, reserved 1048576K
}
Event: 42.806 GC heap before
{Heap before GC invocations=56 (full 4):
 PSYoungGen      total 237056K, used 236605K [0x00000000ec400000, 0x00000000ffb00000, 0x0000000100000000)
  eden space 232448K, 100% used [0x00000000ec400000,0x00000000fa700000,0x00000000fa700000)
  from space 4608K, 90% used [0x00000000fa700000,0x00000000fab0f600,0x00000000fab80000)
  to   space 43008K, 0% used [0x00000000fd100000,0x00000000fd100000,0x00000000ffb00000)
 ParOldGen       total 166400K, used 102110K [0x00000000c4c00000, 0x00000000cee80000, 0x00000000ec400000)
  object space 166400K, 61% used [0x00000000c4c00000,0x00000000cafb7b90,0x00000000cee80000)
 Metaspace       used 66367K, capacity 70666K, committed 70808K, reserved 1110016K
  class space    used 8391K, capacity 9313K, committed 9384K, reserved 1048576K
Event: 42.815 GC heap after
Heap after GC invocations=56 (full 4):
 PSYoungGen      total 276480K, used 6322K [0x00000000ec400000, 0x0000000100000000, 0x0000000100000000)
  eden space 233472K, 0% used [0x00000000ec400000,0x00000000ec400000,0x00000000fa800000)
  from space 43008K, 14% used [0x00000000fd100000,0x00000000fd72c870,0x00000000ffb00000)
  to   space 41984K, 0% used [0x00000000fa800000,0x00000000fa800000,0x00000000fd100000)
 ParOldGen       total 166400K, used 102134K [0x00000000c4c00000, 0x00000000cee80000, 0x00000000ec400000)
  object space 166400K, 61% used [0x00000000c4c00000,0x00000000cafbdb90,0x00000000cee80000)
 Metaspace       used 66367K, capacity 70666K, committed 70808K, reserved 1110016K
  class space    used 8391K, capacity 9313K, committed 9384K, reserved 1048576K
}
Event: 43.361 GC heap before
{Heap before GC invocations=57 (full 4):
 PSYoungGen      total 276480K, used 239794K [0x00000000ec400000, 0x0000000100000000, 0x0000000100000000)
  eden space 233472K, 100% used [0x00000000ec400000,0x00000000fa800000,0x00000000fa800000)
  from space 43008K, 14% used [0x00000000fd100000,0x00000000fd72c870,0x00000000ffb00000)
  to   space 41984K, 0% used [0x00000000fa800000,0x00000000fa800000,0x00000000fd100000)
 ParOldGen       total 166400K, used 102134K [0x00000000c4c00000, 0x00000000cee80000, 0x00000000ec400000)
  object space 166400K, 61% used [0x00000000c4c00000,0x00000000cafbdb90,0x00000000cee80000)
 Metaspace       used 66383K, capacity 70710K, committed 70808K, reserved 1110016K
  class space    used 8394K, capacity 9319K, committed 9384K, reserved 1048576K
Event: 43.414 GC heap after
Heap after GC invocations=57 (full 4):
 PSYoungGen      total 275456K, used 23030K [0x00000000ec400000, 0x0000000100000000, 0x0000000100000000)
  eden space 233472K, 0% used [0x00000000ec400000,0x00000000ec400000,0x00000000fa800000)
  from space 41984K, 54% used [0x00000000fa800000,0x00000000fbe7dab8,0x00000000fd100000)
  to   space 42496K, 0% used [0x00000000fd680000,0x00000000fd680000,0x0000000100000000)
 ParOldGen       total 166400K, used 102142K [0x00000000c4c00000, 0x00000000cee80000, 0x00000000ec400000)
  object space 166400K, 61% used [0x00000000c4c00000,0x00000000cafbfb90,0x00000000cee80000)
 Metaspace       used 66383K, capacity 70710K, committed 70808K, reserved 1110016K
  class space    used 8394K, capacity 9319K, committed 9384K, reserved 1048576K
}
Event: 44.007 GC heap before
{Heap before GC invocations=58 (full 4):
 PSYoungGen      total 275456K, used 256502K [0x00000000ec400000, 0x0000000100000000, 0x0000000100000000)
  eden space 233472K, 100% used [0x00000000ec400000,0x00000000fa800000,0x00000000fa800000)
  from space 41984K, 54% used [0x00000000fa800000,0x00000000fbe7dab8,0x00000000fd100000)
  to   space 42496K, 0% used [0x00000000fd680000,0x00000000fd680000,0x0000000100000000)
 ParOldGen       total 166400K, used 102142K [0x00000000c4c00000, 0x00000000cee80000, 0x00000000ec400000)
  object space 166400K, 61% used [0x00000000c4c00000,0x00000000cafbfb90,0x00000000cee80000)
 Metaspace       used 66387K, capacity 70710K, committed 70808K, reserved 1110016K
  class space    used 8394K, capacity 9319K, committed 9384K, reserved 1048576K
Event: 44.024 GC heap after
Heap after GC invocations=58 (full 4):
 PSYoungGen      total 279040K, used 8292K [0x00000000ec400000, 0x00000000ffd80000, 0x0000000100000000)
  eden space 239104K, 0% used [0x00000000ec400000,0x00000000ec400000,0x00000000fad80000)
  from space 39936K, 20% used [0x00000000fd680000,0x00000000fde992a0,0x00000000ffd80000)
  to   space 40960K, 0% used [0x00000000fad80000,0x00000000fad80000,0x00000000fd580000)
 ParOldGen       total 166400K, used 102238K [0x00000000c4c00000, 0x00000000cee80000, 0x00000000ec400000)
  object space 166400K, 61% used [0x00000000c4c00000,0x00000000cafd7b90,0x00000000cee80000)
 Metaspace       used 66387K, capacity 70710K, committed 70808K, reserved 1110016K
  class space    used 8394K, capacity 9319K, committed 9384K, reserved 1048576K
}
Event: 44.537 GC heap before
{Heap before GC invocations=59 (full 4):
 PSYoungGen      total 279040K, used 247396K [0x00000000ec400000, 0x00000000ffd80000, 0x0000000100000000)
  eden space 239104K, 100% used [0x00000000ec400000,0x00000000fad80000,0x00000000fad80000)
  from space 39936K, 20% used [0x00000000fd680000,0x00000000fde992a0,0x00000000ffd80000)
  to   space 40960K, 0% used [0x00000000fad80000,0x00000000fad80000,0x00000000fd580000)
 ParOldGen       total 166400K, used 102238K [0x00000000c4c00000, 0x00000000cee80000, 0x00000000ec400000)
  object space 166400K, 61% used [0x00000000c4c00000,0x00000000cafd7b90,0x00000000cee80000)
 Metaspace       used 66410K, capacity 70788K, committed 71064K, reserved 1112064K
  class space    used 8395K, capacity 9320K, committed 9384K, reserved 1048576K
Event: 44.581 GC heap after
Heap after GC invocations=59 (full 4):
 PSYoungGen      total 276480K, used 37095K [0x00000000ec400000, 0x0000000100000000, 0x0000000100000000)
  eden space 239104K, 0% used [0x00000000ec400000,0x00000000ec400000,0x00000000fad80000)
  from space 37376K, 99% used [0x00000000fad80000,0x00000000fd1b9e08,0x00000000fd200000)
  to   space 46592K, 0% used [0x00000000fd280000,0x00000000fd280000,0x0000000100000000)
 ParOldGen       total 166400K, used 102278K [0x00000000c4c00000, 0x00000000cee80000, 0x00000000ec400000)
  object space 166400K, 61% used [0x00000000c4c00000,0x00000000cafe1b90,0x00000000cee80000)
 Metaspace       used 66410K, capacity 70788K, committed 71064K, reserved 1112064K
  class space    used 8395K, capacity 9320K, committed 9384K, reserved 1048576K
}
Event: 45.255 GC heap before
{Heap before GC invocations=60 (full 4):
 PSYoungGen      total 276480K, used 276199K [0x00000000ec400000, 0x0000000100000000, 0x0000000100000000)
  eden space 239104K, 100% used [0x00000000ec400000,0x00000000fad80000,0x00000000fad80000)
  from space 37376K, 99% used [0x00000000fad80000,0x00000000fd1b9e08,0x00000000fd200000)
  to   space 46592K, 0% used [0x00000000fd280000,0x00000000fd280000,0x0000000100000000)
 ParOldGen       total 166400K, used 102278K [0x00000000c4c00000, 0x00000000cee80000, 0x00000000ec400000)
  object space 166400K, 61% used [0x00000000c4c00000,0x00000000cafe1b90,0x00000000cee80000)
 Metaspace       used 66438K, capacity 70792K, committed 71064K, reserved 1112064K
  class space    used 8395K, capacity 9320K, committed 9384K, reserved 1048576K
Event: 45.327 GC heap after
Heap after GC invocations=60 (full 4):
 PSYoungGen      total 266752K, used 38593K [0x00000000ec400000, 0x0000000100000000, 0x0000000100000000)
  eden space 220160K, 0% used [0x00000000ec400000,0x00000000ec400000,0x00000000f9b00000)
  from space 46592K, 82% used [0x00000000fd280000,0x00000000ff830430,0x0000000100000000)
  to   space 51712K, 0% used [0x00000000f9b00000,0x00000000f9b00000,0x00000000fcd80000)
 ParOldGen       total 166400K, used 102382K [0x00000000c4c00000, 0x00000000cee80000, 0x00000000ec400000)
  object space 166400K, 61% used [0x00000000c4c00000,0x00000000caffbb90,0x00000000cee80000)
 Metaspace       used 66438K, capacity 70792K, committed 71064K, reserved 1112064K
  class space    used 8395K, capacity 9320K, committed 9384K, reserved 1048576K
}
Event: 45.652 GC heap before
{Heap before GC invocations=61 (full 4):
 PSYoungGen      total 266752K, used 258753K [0x00000000ec400000, 0x0000000100000000, 0x0000000100000000)
  eden space 220160K, 100% used [0x00000000ec400000,0x00000000f9b00000,0x00000000f9b00000)
  from space 46592K, 82% used [0x00000000fd280000,0x00000000ff830430,0x0000000100000000)
  to   space 51712K, 0% used [0x00000000f9b00000,0x00000000f9b00000,0x00000000fcd80000)
 ParOldGen       total 166400K, used 102382K [0x00000000c4c00000, 0x00000000cee80000, 0x00000000ec400000)
  object space 166400K, 61% used [0x00000000c4c00000,0x00000000caffbb90,0x00000000cee80000)
 Metaspace       used 66464K, capacity 70808K, committed 71064K, reserved 1112064K
  class space    used 8395K, capacity 9320K, committed 9384K, reserved 1048576K
Event: 45.703 GC heap after
Heap after GC invocations=61 (full 4):
 PSYoungGen      total 250880K, used 30380K [0x00000000ec400000, 0x0000000100000000, 0x0000000100000000)
  eden space 220160K, 0% used [0x00000000ec400000,0x00000000ec400000,0x00000000f9b00000)
  from space 30720K, 98% used [0x00000000f9b00000,0x00000000fb8ab2e0,0x00000000fb900000)
  to   space 52736K, 0% used [0x00000000fcc80000,0x00000000fcc80000,0x0000000100000000)
 ParOldGen       total 166400K, used 110044K [0x00000000c4c00000, 0x00000000cee80000, 0x00000000ec400000)
  object space 166400K, 66% used [0x00000000c4c00000,0x00000000cb777320,0x00000000cee80000)
 Metaspace       used 66464K, capacity 70808K, committed 71064K, reserved 1112064K
  class space    used 8395K, capacity 9320K, committed 9384K, reserved 1048576K
}
Event: 46.206 GC heap before
{Heap before GC invocations=62 (full 4):
 PSYoungGen      total 250880K, used 250540K [0x00000000ec400000, 0x0000000100000000, 0x0000000100000000)
  eden space 220160K, 100% used [0x00000000ec400000,0x00000000f9b00000,0x00000000f9b00000)
  from space 30720K, 98% used [0x00000000f9b00000,0x00000000fb8ab2e0,0x00000000fb900000)
  to   space 52736K, 0% used [0x00000000fcc80000,0x00000000fcc80000,0x0000000100000000)
 ParOldGen       total 166400K, used 110044K [0x00000000c4c00000, 0x00000000cee80000, 0x00000000ec400000)
  object space 166400K, 66% used [0x00000000c4c00000,0x00000000cb777320,0x00000000cee80000)
 Metaspace       used 66495K, capacity 70826K, committed 71064K, reserved 1112064K
  class space    used 8397K, capacity 9323K, committed 9384K, reserved 1048576K
Event: 46.225 GC heap after
Heap after GC invocations=62 (full 4):
 PSYoungGen      total 271360K, used 4607K [0x00000000ec400000, 0x0000000100000000, 0x0000000100000000)
  eden space 218624K, 0% used [0x00000000ec400000,0x00000000ec400000,0x00000000f9980000)
  from space 52736K, 8% used [0x00000000fcc80000,0x00000000fd0ffcc8,0x0000000100000000)
  to   space 52224K, 0% used [0x00000000f9980000,0x00000000f9980000,0x00000000fcc80000)
 ParOldGen       total 166400K, used 116352K [0x00000000c4c00000, 0x00000000cee80000, 0x00000000ec400000)
  object space 166400K, 69% used [0x00000000c4c00000,0x00000000cbda0340,0x00000000cee80000)
 Metaspace       used 66495K, capacity 70826K, committed 71064K, reserved 1112064K
  class space    used 8397K, capacity 9323K, committed 9384K, reserved 1048576K
}
Event: 46.769 GC heap before
{Heap before GC invocations=63 (full 4):
 PSYoungGen      total 271360K, used 223231K [0x00000000ec400000, 0x0000000100000000, 0x0000000100000000)
  eden space 218624K, 100% used [0x00000000ec400000,0x00000000f9980000,0x00000000f9980000)
  from space 52736K, 8% used [0x00000000fcc80000,0x00000000fd0ffcc8,0x0000000100000000)
  to   space 52224K, 0% used [0x00000000f9980000,0x00000000f9980000,0x00000000fcc80000)
 ParOldGen       total 166400K, used 116352K [0x00000000c4c00000, 0x00000000cee80000, 0x00000000ec400000)
  object space 166400K, 69% used [0x00000000c4c00000,0x00000000cbda0340,0x00000000cee80000)
 Metaspace       used 66525K, capacity 70916K, committed 71064K, reserved 1112064K
  class space    used 8400K, capacity 9326K, committed 9384K, reserved 1048576K
Event: 46.776 GC heap after
Heap after GC invocations=63 (full 4):
 PSYoungGen      total 223232K, used 4224K [0x00000000ec400000, 0x00000000ffd80000, 0x0000000100000000)
  eden space 218624K, 0% used [0x00000000ec400000,0x00000000ec400000,0x00000000f9980000)
  from space 4608K, 91% used [0x00000000f9980000,0x00000000f9da0330,0x00000000f9e00000)
  to   space 51200K, 0% used [0x00000000fcb80000,0x00000000fcb80000,0x00000000ffd80000)
 ParOldGen       total 166400K, used 116429K [0x00000000c4c00000, 0x00000000cee80000, 0x00000000ec400000)
  object space 166400K, 69% used [0x00000000c4c00000,0x00000000cbdb3450,0x00000000cee80000)
 Metaspace       used 66525K, capacity 70916K, committed 71064K, reserved 1112064K
  class space    used 8400K, capacity 9326K, committed 9384K, reserved 1048576K
}
Event: 47.269 GC heap before
{Heap before GC invocations=64 (full 4):
 PSYoungGen      total 223232K, used 222848K [0x00000000ec400000, 0x00000000ffd80000, 0x0000000100000000)
  eden space 218624K, 100% used [0x00000000ec400000,0x00000000f9980000,0x00000000f9980000)
  from space 4608K, 91% used [0x00000000f9980000,0x00000000f9da0330,0x00000000f9e00000)
  to   space 51200K, 0% used [0x00000000fcb80000,0x00000000fcb80000,0x00000000ffd80000)
 ParOldGen       total 166400K, used 116429K [0x00000000c4c00000, 0x00000000cee80000, 0x00000000ec400000)
  object space 166400K, 69% used [0x00000000c4c00000,0x00000000cbdb3450,0x00000000cee80000)
 Metaspace       used 66544K, capacity 70928K, committed 71064K, reserved 1112064K
  class space    used 8400K, capacity 9326K, committed 9384K, reserved 1048576K
Event: 47.276 GC heap after
Heap after GC invocations=64 (full 4):
 PSYoungGen      total 271360K, used 6257K [0x00000000ec400000, 0x0000000100000000, 0x0000000100000000)
  eden space 220160K, 0% used [0x00000000ec400000,0x00000000ec400000,0x00000000f9b00000)
  from space 51200K, 12% used [0x00000000fcb80000,0x00000000fd19c678,0x00000000ffd80000)
  to   space 49664K, 0% used [0x00000000f9b00000,0x00000000f9b00000,0x00000000fcb80000)
 ParOldGen       total 166400K, used 116485K [0x00000000c4c00000, 0x00000000cee80000, 0x00000000ec400000)
  object space 166400K, 70% used [0x00000000c4c00000,0x00000000cbdc1450,0x00000000cee80000)
 Metaspace       used 66544K, capacity 70928K, committed 71064K, reserved 1112064K
  class space    used 8400K, capacity 9326K, committed 9384K, reserved 1048576K
}
Event: 47.784 GC heap before
{Heap before GC invocations=65 (full 4):
 PSYoungGen      total 271360K, used 226417K [0x00000000ec400000, 0x0000000100000000, 0x0000000100000000)
  eden space 220160K, 100% used [0x00000000ec400000,0x00000000f9b00000,0x00000000f9b00000)
  from space 51200K, 12% used [0x00000000fcb80000,0x00000000fd19c678,0x00000000ffd80000)
  to   space 49664K, 0% used [0x00000000f9b00000,0x00000000f9b00000,0x00000000fcb80000)
 ParOldGen       total 166400K, used 116485K [0x00000000c4c00000, 0x00000000cee80000, 0x00000000ec400000)
  object space 166400K, 70% used [0x00000000c4c00000,0x00000000cbdc1450,0x00000000cee80000)
 Metaspace       used 66557K, capacity 70936K, committed 71064K, reserved 1112064K
  class space    used 8401K, capacity 9328K, committed 9384K, reserved 1048576K
Event: 47.794 GC heap after
Heap after GC invocations=65 (full 4):
 PSYoungGen      total 269824K, used 5441K [0x00000000ec400000, 0x00000000ffb80000, 0x0000000100000000)
  eden space 220160K, 0% used [0x00000000ec400000,0x00000000ec400000,0x00000000f9b00000)
  from space 49664K, 10% used [0x00000000f9b00000,0x00000000fa050668,0x00000000fcb80000)
  to   space 48128K, 0% used [0x00000000fcc80000,0x00000000fcc80000,0x00000000ffb80000)
 ParOldGen       total 166400K, used 116549K [0x00000000c4c00000, 0x00000000cee80000, 0x00000000ec400000)
  object space 166400K, 70% used [0x00000000c4c00000,0x00000000cbdd1450,0x00000000cee80000)
 Metaspace       used 66557K, capacity 70936K, committed 71064K, reserved 1112064K
  class space    used 8401K, capacity 9328K, committed 9384K, reserved 1048576K
}
Event: 48.271 GC heap before
{Heap before GC invocations=66 (full 4):
 PSYoungGen      total 269824K, used 225601K [0x00000000ec400000, 0x00000000ffb80000, 0x0000000100000000)
  eden space 220160K, 100% used [0x00000000ec400000,0x00000000f9b00000,0x00000000f9b00000)
  from space 49664K, 10% used [0x00000000f9b00000,0x00000000fa050668,0x00000000fcb80000)
  to   space 48128K, 0% used [0x00000000fcc80000,0x00000000fcc80000,0x00000000ffb80000)
 ParOldGen       total 166400K, used 116549K [0x00000000c4c00000, 0x00000000cee80000, 0x00000000ec400000)
  object space 166400K, 70% used [0x00000000c4c00000,0x00000000cbdd1450,0x00000000cee80000)
 Metaspace       used 66567K, capacity 70940K, committed 71064K, reserved 1112064K
  class space    used 8401K, capacity 9328K, committed 9384K, reserved 1048576K
Event: 48.278 GC heap after
Heap after GC invocations=66 (full 4):
 PSYoungGen      total 271872K, used 6586K [0x00000000ec400000, 0x00000000ffa80000, 0x0000000100000000)
  eden space 224768K, 0% used [0x00000000ec400000,0x00000000ec400000,0x00000000f9f80000)
  from space 47104K, 13% used [0x00000000fcc80000,0x00000000fd2eeb90,0x00000000ffa80000)
  to   space 46080K, 0% used [0x00000000f9f80000,0x00000000f9f80000,0x00000000fcc80000)
 ParOldGen       total 166400K, used 116581K [0x00000000c4c00000, 0x00000000cee80000, 0x00000000ec400000)
  object space 166400K, 70% used [0x00000000c4c00000,0x00000000cbdd9450,0x00000000cee80000)
 Metaspace       used 66567K, capacity 70940K, committed 71064K, reserved 1112064K
  class space    used 8401K, capacity 9328K, committed 9384K, reserved 1048576K
}
Event: 48.896 GC heap before
{Heap before GC invocations=67 (full 4):
 PSYoungGen      total 271872K, used 231354K [0x00000000ec400000, 0x00000000ffa80000, 0x0000000100000000)
  eden space 224768K, 100% used [0x00000000ec400000,0x00000000f9f80000,0x00000000f9f80000)
  from space 47104K, 13% used [0x00000000fcc80000,0x00000000fd2eeb90,0x00000000ffa80000)
  to   space 46080K, 0% used [0x00000000f9f80000,0x00000000f9f80000,0x00000000fcc80000)
 ParOldGen       total 166400K, used 116581K [0x00000000c4c00000, 0x00000000cee80000, 0x00000000ec400000)
  object space 166400K, 70% used [0x00000000c4c00000,0x00000000cbdd9450,0x00000000cee80000)
 Metaspace       used 66587K, capacity 71006K, committed 71064K, reserved 1112064K
  class space    used 8402K, capacity 9329K, committed 9384K, reserved 1048576K
Event: 48.924 GC heap after
Heap after GC invocations=67 (full 4):
 PSYoungGen      total 270848K, used 20658K [0x00000000ec400000, 0x00000000ffe00000, 0x0000000100000000)
  eden space 224768K, 0% used [0x00000000ec400000,0x00000000ec400000,0x00000000f9f80000)
  from space 46080K, 44% used [0x00000000f9f80000,0x00000000fb3acbf0,0x00000000fcc80000)
  to   space 45568K, 0% used [0x00000000fd180000,0x00000000fd180000,0x00000000ffe00000)
 ParOldGen       total 166400K, used 116589K [0x00000000c4c00000, 0x00000000cee80000, 0x00000000ec400000)
  object space 166400K, 70% used [0x00000000c4c00000,0x00000000cbddb450,0x00000000cee80000)
 Metaspace       used 66587K, capacity 71006K, committed 71064K, reserved 1112064K
  class space    used 8402K, capacity 9329K, committed 9384K, reserved 1048576K
}
Event: 49.465 GC heap before
{Heap before GC invocations=68 (full 4):
 PSYoungGen      total 270848K, used 245426K [0x00000000ec400000, 0x00000000ffe00000, 0x0000000100000000)
  eden space 224768K, 100% used [0x00000000ec400000,0x00000000f9f80000,0x00000000f9f80000)
  from space 46080K, 44% used [0x00000000f9f80000,0x00000000fb3acbf0,0x00000000fcc80000)
  to   space 45568K, 0% used [0x00000000fd180000,0x00000000fd180000,0x00000000ffe00000)
 ParOldGen       total 166400K, used 116589K [0x00000000c4c00000, 0x00000000cee80000, 0x00000000ec400000)
  object space 166400K, 70% used [0x00000000c4c00000,0x00000000cbddb450,0x00000000cee80000)
 Metaspace       used 66600K, capacity 71012K, committed 71320K, reserved 1112064K
  class space    used 8403K, capacity 9330K, committed 9384K, reserved 1048576K
Event: 49.474 GC heap after
Heap after GC invocations=68 (full 4):
 PSYoungGen      total 275968K, used 4323K [0x00000000ec400000, 0x00000000ffc80000, 0x0000000100000000)
  eden space 231936K, 0% used [0x00000000ec400000,0x00000000ec400000,0x00000000fa680000)
  from space 44032K, 9% used [0x00000000fd180000,0x00000000fd5b8d40,0x00000000ffc80000)
  to   space 44032K, 0% used [0x00000000fa680000,0x00000000fa680000,0x00000000fd180000)
 ParOldGen       total 166400K, used 116645K [0x00000000c4c00000, 0x00000000cee80000, 0x00000000ec400000)
  object space 166400K, 70% used [0x00000000c4c00000,0x00000000cbde9450,0x00000000cee80000)
 Metaspace       used 66600K, capacity 71012K, committed 71320K, reserved 1112064K
  class space    used 8403K, capacity 9330K, committed 9384K, reserved 1048576K
}
Event: 50.085 GC heap before
{Heap before GC invocations=69 (full 4):
 PSYoungGen      total 275968K, used 236259K [0x00000000ec400000, 0x00000000ffc80000, 0x0000000100000000)
  eden space 231936K, 100% used [0x00000000ec400000,0x00000000fa680000,0x00000000fa680000)
  from space 44032K, 9% used [0x00000000fd180000,0x00000000fd5b8d40,0x00000000ffc80000)
  to   space 44032K, 0% used [0x00000000fa680000,0x00000000fa680000,0x00000000fd180000)
 ParOldGen       total 166400K, used 116645K [0x00000000c4c00000, 0x00000000cee80000, 0x00000000ec400000)
  object space 166400K, 70% used [0x00000000c4c00000,0x00000000cbde9450,0x00000000cee80000)
 Metaspace       used 66819K, capacity 71358K, committed 71704K, reserved 1112064K
  class space    used 8439K, capacity 9385K, committed 9512K, reserved 1048576K
Event: 50.093 GC heap after
Heap after GC invocations=69 (full 4):
 PSYoungGen      total 275968K, used 6155K [0x00000000ec400000, 0x00000000ffd00000, 0x0000000100000000)
  eden space 231936K, 0% used [0x00000000ec400000,0x00000000ec400000,0x00000000fa680000)
  from space 44032K, 13% used [0x00000000fa680000,0x00000000fac82f58,0x00000000fd180000)
  to   space 42496K, 0% used [0x00000000fd380000,0x00000000fd380000,0x00000000ffd00000)
 ParOldGen       total 166400K, used 116653K [0x00000000c4c00000, 0x00000000cee80000, 0x00000000ec400000)
  object space 166400K, 70% used [0x00000000c4c00000,0x00000000cbdeb450,0x00000000cee80000)
 Metaspace       used 66819K, capacity 71358K, committed 71704K, reserved 1112064K
  class space    used 8439K, capacity 9385K, committed 9512K, reserved 1048576K
}
Event: 50.604 GC heap before
{Heap before GC invocations=70 (full 4):
 PSYoungGen      total 275968K, used 238091K [0x00000000ec400000, 0x00000000ffd00000, 0x0000000100000000)
  eden space 231936K, 100% used [0x00000000ec400000,0x00000000fa680000,0x00000000fa680000)
  from space 44032K, 13% used [0x00000000fa680000,0x00000000fac82f58,0x00000000fd180000)
  to   space 42496K, 0% used [0x00000000fd380000,0x00000000fd380000,0x00000000ffd00000)
 ParOldGen       total 166400K, used 116653K [0x00000000c4c00000, 0x00000000cee80000, 0x00000000ec400000)
  object space 166400K, 70% used [0x00000000c4c00000,0x00000000cbdeb450,0x00000000cee80000)
 Metaspace       used 66898K, capacity 71422K, committed 71704K, reserved 1112064K
  class space    used 8442K, capacity 9385K, committed 9512K, reserved 1048576K
Event: 50.611 GC heap after
Heap after GC invocations=70 (full 4):
 PSYoungGen      total 278016K, used 3810K [0x00000000ec400000, 0x00000000ffb80000, 0x0000000100000000)
  eden space 237056K, 0% used [0x00000000ec400000,0x00000000ec400000,0x00000000fab80000)
  from space 40960K, 9% used [0x00000000fd380000,0x00000000fd738a50,0x00000000ffb80000)
  to   space 40960K, 0% used [0x00000000fab80000,0x00000000fab80000,0x00000000fd380000)
 ParOldGen       total 166400K, used 116661K [0x00000000c4c00000, 0x00000000cee80000, 0x00000000ec400000)
  object space 166400K, 70% used [0x00000000c4c00000,0x00000000cbded450,0x00000000cee80000)
 Metaspace       used 66898K, capacity 71422K, committed 71704K, reserved 1112064K
  class space    used 8442K, capacity 9385K, committed 9512K, reserved 1048576K
}
Event: 52.352 GC heap before
{Heap before GC invocations=71 (full 4):
 PSYoungGen      total 278016K, used 240866K [0x00000000ec400000, 0x00000000ffb80000, 0x0000000100000000)
  eden space 237056K, 100% used [0x00000000ec400000,0x00000000fab80000,0x00000000fab80000)
  from space 40960K, 9% used [0x00000000fd380000,0x00000000fd738a50,0x00000000ffb80000)
  to   space 40960K, 0% used [0x00000000fab80000,0x00000000fab80000,0x00000000fd380000)
 ParOldGen       total 166400K, used 116661K [0x00000000c4c00000, 0x00000000cee80000, 0x00000000ec400000)
  object space 166400K, 70% used [0x00000000c4c00000,0x00000000cbded450,0x00000000cee80000)
 Metaspace       used 69838K, capacity 74850K, committed 75160K, reserved 1114112K
  class space    used 8803K, capacity 9820K, committed 9896K, reserved 1048576K
Event: 52.364 GC heap after
Heap after GC invocations=71 (full 4):
 PSYoungGen      total 278016K, used 9035K [0x00000000ec400000, 0x00000000ffb00000, 0x0000000100000000)
  eden space 237056K, 0% used [0x00000000ec400000,0x00000000ec400000,0x00000000fab80000)
  from space 40960K, 22% used [0x00000000fab80000,0x00000000fb452d78,0x00000000fd380000)
  to   space 38400K, 0% used [0x00000000fd580000,0x00000000fd580000,0x00000000ffb00000)
 ParOldGen       total 166400K, used 116669K [0x00000000c4c00000, 0x00000000cee80000, 0x00000000ec400000)
  object space 166400K, 70% used [0x00000000c4c00000,0x00000000cbdef450,0x00000000cee80000)
 Metaspace       used 69838K, capacity 74850K, committed 75160K, reserved 1114112K
  class space    used 8803K, capacity 9820K, committed 9896K, reserved 1048576K
}
Event: 53.034 GC heap before
{Heap before GC invocations=72 (full 4):
 PSYoungGen      total 278016K, used 246091K [0x00000000ec400000, 0x00000000ffb00000, 0x0000000100000000)
  eden space 237056K, 100% used [0x00000000ec400000,0x00000000fab80000,0x00000000fab80000)
  from space 40960K, 22% used [0x00000000fab80000,0x00000000fb452d78,0x00000000fd380000)
  to   space 38400K, 0% used [0x00000000fd580000,0x00000000fd580000,0x00000000ffb00000)
 ParOldGen       total 166400K, used 116669K [0x00000000c4c00000, 0x00000000cee80000, 0x00000000ec400000)
  object space 166400K, 70% used [0x00000000c4c00000,0x00000000cbdef450,0x00000000cee80000)
 Metaspace       used 69930K, capacity 75004K, committed 75160K, reserved 1114112K
  class space    used 8812K, capacity 9859K, committed 9896K, reserved 1048576K
Event: 53.127 GC heap after
Heap after GC invocations=72 (full 4):
 PSYoungGen      total 248320K, used 38394K [0x00000000ec400000, 0x0000000100000000, 0x0000000100000000)
  eden space 209920K, 0% used [0x00000000ec400000,0x00000000ec400000,0x00000000f9100000)
  from space 38400K, 99% used [0x00000000fd580000,0x00000000ffafe9d8,0x00000000ffb00000)
  to   space 56832K, 0% used [0x00000000f9100000,0x00000000f9100000,0x00000000fc880000)
 ParOldGen       total 166400K, used 146267K [0x00000000c4c00000, 0x00000000cee80000, 0x00000000ec400000)
  object space 166400K, 87% used [0x00000000c4c00000,0x00000000cdad6fc8,0x00000000cee80000)
 Metaspace       used 69930K, capacity 75004K, committed 75160K, reserved 1114112K
  class space    used 8812K, capacity 9859K, committed 9896K, reserved 1048576K
}
Event: 53.592 GC heap before
{Heap before GC invocations=73 (full 4):
 PSYoungGen      total 248320K, used 248314K [0x00000000ec400000, 0x0000000100000000, 0x0000000100000000)
  eden space 209920K, 100% used [0x00000000ec400000,0x00000000f9100000,0x00000000f9100000)
  from space 38400K, 99% used [0x00000000fd580000,0x00000000ffafe9d8,0x00000000ffb00000)
  to   space 56832K, 0% used [0x00000000f9100000,0x00000000f9100000,0x00000000fc880000)
 ParOldGen       total 166400K, used 146267K [0x00000000c4c00000, 0x00000000cee80000, 0x00000000ec400000)
  object space 166400K, 87% used [0x00000000c4c00000,0x00000000cdad6fc8,0x00000000cee80000)
 Metaspace       used 70033K, capacity 75122K, committed 75160K, reserved 1114112K
  class space    used 8817K, capacity 9866K, committed 9896K, reserved 1048576K
Event: 53.623 GC heap after
Heap after GC invocations=73 (full 4):
 PSYoungGen      total 266752K, used 19491K [0x00000000ec400000, 0x0000000100000000, 0x0000000100000000)
  eden space 209920K, 0% used [0x00000000ec400000,0x00000000ec400000,0x00000000f9100000)
  from space 56832K, 34% used [0x00000000f9100000,0x00000000fa408d48,0x00000000fc880000)
  to   space 53760K, 0% used [0x00000000fcb80000,0x00000000fcb80000,0x0000000100000000)
 ParOldGen       total 166400K, used 146379K [0x00000000c4c00000, 0x00000000cee80000, 0x00000000ec400000)
  object space 166400K, 87% used [0x00000000c4c00000,0x00000000cdaf2fc8,0x00000000cee80000)
 Metaspace       used 70033K, capacity 75122K, committed 75160K, reserved 1114112K
  class space    used 8817K, capacity 9866K, committed 9896K, reserved 1048576K
}
Event: 54.014 GC heap before
{Heap before GC invocations=74 (full 4):
 PSYoungGen      total 266752K, used 229411K [0x00000000ec400000, 0x0000000100000000, 0x0000000100000000)
  eden space 209920K, 100% used [0x00000000ec400000,0x00000000f9100000,0x00000000f9100000)
  from space 56832K, 34% used [0x00000000f9100000,0x00000000fa408d48,0x00000000fc880000)
  to   space 53760K, 0% used [0x00000000fcb80000,0x00000000fcb80000,0x0000000100000000)
 ParOldGen       total 166400K, used 146379K [0x00000000c4c00000, 0x00000000cee80000, 0x00000000ec400000)
  object space 166400K, 87% used [0x00000000c4c00000,0x00000000cdaf2fc8,0x00000000cee80000)
 Metaspace       used 70094K, capacity 75186K, committed 75416K, reserved 1114112K
  class space    used 8818K, capacity 9866K, committed 9896K, reserved 1048576K
Event: 54.036 GC heap after
Heap after GC invocations=74 (full 4):
 PSYoungGen      total 256512K, used 15779K [0x00000000ec400000, 0x00000000ff600000, 0x0000000100000000)
  eden space 212992K, 0% used [0x00000000ec400000,0x00000000ec400000,0x00000000f9400000)
  from space 43520K, 36% used [0x00000000fcb80000,0x00000000fdae8d48,0x00000000ff600000)
  to   space 50176K, 0% used [0x00000000f9400000,0x00000000f9400000,0x00000000fc500000)
 ParOldGen       total 166400K, used 149896K [0x00000000c4c00000, 0x00000000cee80000, 0x00000000ec400000)
  object space 166400K, 90% used [0x00000000c4c00000,0x00000000cde62180,0x00000000cee80000)
 Metaspace       used 70094K, capacity 75186K, committed 75416K, reserved 1114112K
  class space    used 8818K, capacity 9866K, committed 9896K, reserved 1048576K
}
Event: 54.359 GC heap before
{Heap before GC invocations=75 (full 4):
 PSYoungGen      total 256512K, used 228771K [0x00000000ec400000, 0x00000000ff600000, 0x0000000100000000)
  eden space 212992K, 100% used [0x00000000ec400000,0x00000000f9400000,0x00000000f9400000)
  from space 43520K, 36% used [0x00000000fcb80000,0x00000000fdae8d48,0x00000000ff600000)
  to   space 50176K, 0% used [0x00000000f9400000,0x00000000f9400000,0x00000000fc500000)
 ParOldGen       total 166400K, used 149896K [0x00000000c4c00000, 0x00000000cee80000, 0x00000000ec400000)
  object space 166400K, 90% used [0x00000000c4c00000,0x00000000cde62180,0x00000000cee80000)
 Metaspace       used 70128K, capacity 75250K, committed 75416K, reserved 1114112K
  class space    used 8820K, capacity 9866K, committed 9896K, reserved 1048576K
Event: 54.384 GC heap after
Heap after GC invocations=75 (full 4):
 PSYoungGen      total 263168K, used 15835K [0x00000000ec400000, 0x0000000100000000, 0x0000000100000000)
  eden space 212992K, 0% used [0x00000000ec400000,0x00000000ec400000,0x00000000f9400000)
  from space 50176K, 31% used [0x00000000f9400000,0x00000000fa376c58,0x00000000fc500000)
  to   space 47104K, 0% used [0x00000000fd200000,0x00000000fd200000,0x0000000100000000)
 ParOldGen       total 166400K, used 153364K [0x00000000c4c00000, 0x00000000cee80000, 0x00000000ec400000)
  object space 166400K, 92% used [0x00000000c4c00000,0x00000000ce1c5290,0x00000000cee80000)
 Metaspace       used 70128K, capacity 75250K, committed 75416K, reserved 1114112K
  class space    used 8820K, capacity 9866K, committed 9896K, reserved 1048576K
}
Event: 54.643 GC heap before
{Heap before GC invocations=76 (full 4):
 PSYoungGen      total 263168K, used 228827K [0x00000000ec400000, 0x0000000100000000, 0x0000000100000000)
  eden space 212992K, 100% used [0x00000000ec400000,0x00000000f9400000,0x00000000f9400000)
  from space 50176K, 31% used [0x00000000f9400000,0x00000000fa376c58,0x00000000fc500000)
  to   space 47104K, 0% used [0x00000000fd200000,0x00000000fd200000,0x0000000100000000)
 ParOldGen       total 166400K, used 153364K [0x00000000c4c00000, 0x00000000cee80000, 0x00000000ec400000)
  object space 166400K, 92% used [0x00000000c4c00000,0x00000000ce1c5290,0x00000000cee80000)
 Metaspace       used 70133K, capacity 75250K, committed 75416K, reserved 1114112K
  class space    used 8820K, capacity 9866K, committed 9896K, reserved 1048576K
Event: 54.684 GC heap after
Heap after GC invocations=76 (full 4):
 PSYoungGen      total 268288K, used 8288K [0x00000000ec400000, 0x00000000ffb00000, 0x0000000100000000)
  eden space 226304K, 0% used [0x00000000ec400000,0x00000000ec400000,0x00000000fa100000)
  from space 41984K, 19% used [0x00000000fd200000,0x00000000fda18010,0x00000000ffb00000)
  to   space 46080K, 0% used [0x00000000fa100000,0x00000000fa100000,0x00000000fce00000)
 ParOldGen       total 166400K, used 165647K [0x00000000c4c00000, 0x00000000cee80000, 0x00000000ec400000)
  object space 166400K, 99% used [0x00000000c4c00000,0x00000000cedc3f08,0x00000000cee80000)
 Metaspace       used 70133K, capacity 75250K, committed 75416K, reserved 1114112K
  class space    used 8820K, capacity 9866K, committed 9896K, reserved 1048576K
}
Event: 54.684 GC heap before
{Heap before GC invocations=77 (full 5):
 PSYoungGen      total 268288K, used 8288K [0x00000000ec400000, 0x00000000ffb00000, 0x0000000100000000)
  eden space 226304K, 0% used [0x00000000ec400000,0x00000000ec400000,0x00000000fa100000)
  from space 41984K, 19% used [0x00000000fd200000,0x00000000fda18010,0x00000000ffb00000)
  to   space 46080K, 0% used [0x00000000fa100000,0x00000000fa100000,0x00000000fce00000)
 ParOldGen       total 166400K, used 165647K [0x00000000c4c00000, 0x00000000cee80000, 0x00000000ec400000)
  object space 166400K, 99% used [0x00000000c4c00000,0x00000000cedc3f08,0x00000000cee80000)
 Metaspace       used 70133K, capacity 75250K, committed 75416K, reserved 1114112K
  class space    used 8820K, capacity 9866K, committed 9896K, reserved 1048576K
Event: 54.981 GC heap after
Heap after GC invocations=77 (full 5):
 PSYoungGen      total 268288K, used 0K [0x00000000ec400000, 0x00000000ffb00000, 0x0000000100000000)
  eden space 226304K, 0% used [0x00000000ec400000,0x00000000ec400000,0x00000000fa100000)
  from space 41984K, 0% used [0x00000000fd200000,0x00000000fd200000,0x00000000ffb00000)
  to   space 46080K, 0% used [0x00000000fa100000,0x00000000fa100000,0x00000000fce00000)
 ParOldGen       total 181248K, used 82179K [0x00000000c4c00000, 0x00000000cfd00000, 0x00000000ec400000)
  object space 181248K, 45% used [0x00000000c4c00000,0x00000000c9c40e38,0x00000000cfd00000)
 Metaspace       used 70133K, capacity 75250K, committed 75416K, reserved 1114112K
  class space    used 8820K, capacity 9866K, committed 9896K, reserved 1048576K
}
Event: 55.256 GC heap before
{Heap before GC invocations=78 (full 5):
 PSYoungGen      total 268288K, used 226304K [0x00000000ec400000, 0x00000000ffb00000, 0x0000000100000000)
  eden space 226304K, 100% used [0x00000000ec400000,0x00000000fa100000,0x00000000fa100000)
  from space 41984K, 0% used [0x00000000fd200000,0x00000000fd200000,0x00000000ffb00000)
  to   space 46080K, 0% used [0x00000000fa100000,0x00000000fa100000,0x00000000fce00000)
 ParOldGen       total 181248K, used 82179K [0x00000000c4c00000, 0x00000000cfd00000, 0x00000000ec400000)
  object space 181248K, 45% used [0x00000000c4c00000,0x00000000c9c40e38,0x00000000cfd00000)
 Metaspace       used 70141K, capacity 75262K, committed 75416K, reserved 1114112K
  class space    used 8820K, capacity 9866K, committed 9896K, reserved 1048576K
Event: 55.268 GC heap after
Heap after GC invocations=78 (full 5):
 PSYoungGen      total 272384K, used 6816K [0x00000000ec400000, 0x0000000100000000, 0x0000000100000000)
  eden space 226304K, 0% used [0x00000000ec400000,0x00000000ec400000,0x00000000fa100000)
  from space 46080K, 14% used [0x00000000fa100000,0x00000000fa7a8010,0x00000000fce00000)
  to   space 44544K, 0% used [0x00000000fd480000,0x00000000fd480000,0x0000000100000000)
 ParOldGen       total 181248K, used 82179K [0x00000000c4c00000, 0x00000000cfd00000, 0x00000000ec400000)
  object space 181248K, 45% used [0x00000000c4c00000,0x00000000c9c40e38,0x00000000cfd00000)
 Metaspace       used 70141K, capacity 75262K, committed 75416K, reserved 1114112K
  class space    used 8820K, capacity 9866K, committed 9896K, reserved 1048576K
}
Event: 55.526 GC heap before
{Heap before GC invocations=79 (full 5):
 PSYoungGen      total 272384K, used 233120K [0x00000000ec400000, 0x0000000100000000, 0x0000000100000000)
  eden space 226304K, 100% used [0x00000000ec400000,0x00000000fa100000,0x00000000fa100000)
  from space 46080K, 14% used [0x00000000fa100000,0x00000000fa7a8010,0x00000000fce00000)
  to   space 44544K, 0% used [0x00000000fd480000,0x00000000fd480000,0x0000000100000000)
 ParOldGen       total 181248K, used 82179K [0x00000000c4c00000, 0x00000000cfd00000, 0x00000000ec400000)
  object space 181248K, 45% used [0x00000000c4c00000,0x00000000c9c40e38,0x00000000cfd00000)
 Metaspace       used 70143K, capacity 75266K, committed 75416K, reserved 1114112K
  class space    used 8820K, capacity 9866K, committed 9896K, reserved 1048576K
Event: 55.547 GC heap after
Heap after GC invocations=79 (full 5):
 PSYoungGen      total 272896K, used 6368K [0x00000000ec400000, 0x00000000ffb80000, 0x0000000100000000)
  eden space 232960K, 0% used [0x00000000ec400000,0x00000000ec400000,0x00000000fa780000)
  from space 39936K, 15% used [0x00000000fd480000,0x00000000fdab8010,0x00000000ffb80000)
  to   space 43008K, 0% used [0x00000000fa780000,0x00000000fa780000,0x00000000fd180000)
 ParOldGen       total 181248K, used 88883K [0x00000000c4c00000, 0x00000000cfd00000, 0x00000000ec400000)
  object space 181248K, 49% used [0x00000000c4c00000,0x00000000ca2cce58,0x00000000cfd00000)
 Metaspace       used 70143K, capacity 75266K, committed 75416K, reserved 1114112K
  class space    used 8820K, capacity 9866K, committed 9896K, reserved 1048576K
}
Event: 55.794 GC heap before
{Heap before GC invocations=80 (full 5):
 PSYoungGen      total 272896K, used 239328K [0x00000000ec400000, 0x00000000ffb80000, 0x0000000100000000)
  eden space 232960K, 100% used [0x00000000ec400000,0x00000000fa780000,0x00000000fa780000)
  from space 39936K, 15% used [0x00000000fd480000,0x00000000fdab8010,0x00000000ffb80000)
  to   space 43008K, 0% used [0x00000000fa780000,0x00000000fa780000,0x00000000fd180000)
 ParOldGen       total 181248K, used 88883K [0x00000000c4c00000, 0x00000000cfd00000, 0x00000000ec400000)
  object space 181248K, 49% used [0x00000000c4c00000,0x00000000ca2cce58,0x00000000cfd00000)
 Metaspace       used 70146K, capacity 75272K, committed 75416K, reserved 1114112K
  class space    used 8821K, capacity 9867K, committed 9896K, reserved 1048576K
Event: 55.821 GC heap after
Heap after GC invocations=80 (full 5):
 PSYoungGen      total 275968K, used 6528K [0x00000000ec400000, 0x0000000100000000, 0x0000000100000000)
  eden space 232960K, 0% used [0x00000000ec400000,0x00000000ec400000,0x00000000fa780000)
  from space 43008K, 15% used [0x00000000fa780000,0x00000000fade0010,0x00000000fd180000)
  to   space 41472K, 0% used [0x00000000fd780000,0x00000000fd780000,0x0000000100000000)
 ParOldGen       total 181248K, used 94755K [0x00000000c4c00000, 0x00000000cfd00000, 0x00000000ec400000)
  object space 181248K, 52% used [0x00000000c4c00000,0x00000000ca888e68,0x00000000cfd00000)
 Metaspace       used 70146K, capacity 75272K, committed 75416K, reserved 1114112K
  class space    used 8821K, capacity 9867K, committed 9896K, reserved 1048576K
}
Event: 56.160 GC heap before
{Heap before GC invocations=81 (full 5):
 PSYoungGen      total 275968K, used 239488K [0x00000000ec400000, 0x0000000100000000, 0x0000000100000000)
  eden space 232960K, 100% used [0x00000000ec400000,0x00000000fa780000,0x00000000fa780000)
  from space 43008K, 15% used [0x00000000fa780000,0x00000000fade0010,0x00000000fd180000)
  to   space 41472K, 0% used [0x00000000fd780000,0x00000000fd780000,0x0000000100000000)
 ParOldGen       total 181248K, used 94755K [0x00000000c4c00000, 0x00000000cfd00000, 0x00000000ec400000)
  object space 181248K, 52% used [0x00000000c4c00000,0x00000000ca888e68,0x00000000cfd00000)
 Metaspace       used 70147K, capacity 75276K, committed 75416K, reserved 1114112K
  class space    used 8821K, capacity 9867K, committed 9896K, reserved 1048576K
Event: 56.185 GC heap after
Heap after GC invocations=81 (full 5):
 PSYoungGen      total 275968K, used 7296K [0x00000000ec400000, 0x00000000ffb80000, 0x0000000100000000)
  eden space 239104K, 0% used [0x00000000ec400000,0x00000000ec400000,0x00000000fad80000)
  from space 36864K, 19% used [0x00000000fd780000,0x00000000fdea0010,0x00000000ffb80000)
  to   space 39936K, 0% used [0x00000000fad80000,0x00000000fad80000,0x00000000fd480000)
 ParOldGen       total 181248K, used 101227K [0x00000000c4c00000, 0x00000000cfd00000, 0x00000000ec400000)
  object space 181248K, 55% used [0x00000000c4c00000,0x00000000caedae78,0x00000000cfd00000)
 Metaspace       used 70147K, capacity 75276K, committed 75416K, reserved 1114112K
  class space    used 8821K, capacity 9867K, committed 9896K, reserved 1048576K
}
Event: 56.495 GC heap before
{Heap before GC invocations=82 (full 5):
 PSYoungGen      total 275968K, used 246400K [0x00000000ec400000, 0x00000000ffb80000, 0x0000000100000000)
  eden space 239104K, 100% used [0x00000000ec400000,0x00000000fad80000,0x00000000fad80000)
  from space 36864K, 19% used [0x00000000fd780000,0x00000000fdea0010,0x00000000ffb80000)
  to   space 39936K, 0% used [0x00000000fad80000,0x00000000fad80000,0x00000000fd480000)
 ParOldGen       total 181248K, used 101227K [0x00000000c4c00000, 0x00000000cfd00000, 0x00000000ec400000)
  object space 181248K, 55% used [0x00000000c4c00000,0x00000000caedae78,0x00000000cfd00000)
 Metaspace       used 70148K, capacity 75280K, committed 75416K, reserved 1114112K
  class space    used 8821K, capacity 9867K, committed 9896K, reserved 1048576K
Event: 56.514 GC heap after
Heap after GC invocations=82 (full 5):
 PSYoungGen      total 279040K, used 5280K [0x00000000ec400000, 0x0000000100000000, 0x0000000100000000)
  eden space 239104K, 0% used [0x00000000ec400000,0x00000000ec400000,0x00000000fad80000)
  from space 39936K, 13% used [0x00000000fad80000,0x00000000fb2a8000,0x00000000fd480000)
  to   space 38400K, 0% used [0x00000000fda80000,0x00000000fda80000,0x0000000100000000)
 ParOldGen       total 181248K, used 108283K [0x00000000c4c00000, 0x00000000cfd00000, 0x00000000ec400000)
  object space 181248K, 59% used [0x00000000c4c00000,0x00000000cb5bee98,0x00000000cfd00000)
 Metaspace       used 70148K, capacity 75280K, committed 75416K, reserved 1114112K
  class space    used 8821K, capacity 9867K, committed 9896K, reserved 1048576K
}
Event: 56.791 GC heap before
{Heap before GC invocations=83 (full 5):
 PSYoungGen      total 279040K, used 244384K [0x00000000ec400000, 0x0000000100000000, 0x0000000100000000)
  eden space 239104K, 100% used [0x00000000ec400000,0x00000000fad80000,0x00000000fad80000)
  from space 39936K, 13% used [0x00000000fad80000,0x00000000fb2a8000,0x00000000fd480000)
  to   space 38400K, 0% used [0x00000000fda80000,0x00000000fda80000,0x0000000100000000)
 ParOldGen       total 181248K, used 108283K [0x00000000c4c00000, 0x00000000cfd00000, 0x00000000ec400000)
  object space 181248K, 59% used [0x00000000c4c00000,0x00000000cb5bee98,0x00000000cfd00000)
 Metaspace       used 70148K, capacity 75280K, committed 75416K, reserved 1114112K
  class space    used 8821K, capacity 9867K, committed 9896K, reserved 1048576K
Event: 56.799 GC heap after
Heap after GC invocations=83 (full 5):
 PSYoungGen      total 281088K, used 2080K [0x00000000ec400000, 0x00000000ffd80000, 0x0000000100000000)
  eden space 245248K, 0% used [0x00000000ec400000,0x00000000ec400000,0x00000000fb380000)
  from space 35840K, 5% used [0x00000000fda80000,0x00000000fdc88000,0x00000000ffd80000)
  to   space 37888K, 0% used [0x00000000fb380000,0x00000000fb380000,0x00000000fd880000)
 ParOldGen       total 181248K, used 110083K [0x00000000c4c00000, 0x00000000cfd00000, 0x00000000ec400000)
  object space 181248K, 60% used [0x00000000c4c00000,0x00000000cb780e98,0x00000000cfd00000)
 Metaspace       used 70148K, capacity 75280K, committed 75416K, reserved 1114112K
  class space    used 8821K, capacity 9867K, committed 9896K, reserved 1048576K
}
Event: 57.095 GC heap before
{Heap before GC invocations=84 (full 5):
 PSYoungGen      total 281088K, used 247328K [0x00000000ec400000, 0x00000000ffd80000, 0x0000000100000000)
  eden space 245248K, 100% used [0x00000000ec400000,0x00000000fb380000,0x00000000fb380000)
  from space 35840K, 5% used [0x00000000fda80000,0x00000000fdc88000,0x00000000ffd80000)
  to   space 37888K, 0% used [0x00000000fb380000,0x00000000fb380000,0x00000000fd880000)
 ParOldGen       total 181248K, used 110083K [0x00000000c4c00000, 0x00000000cfd00000, 0x00000000ec400000)
  object space 181248K, 60% used [0x00000000c4c00000,0x00000000cb780e98,0x00000000cfd00000)
 Metaspace       used 70148K, capacity 75280K, committed 75416K, reserved 1114112K
  class space    used 8821K, capacity 9867K, committed 9896K, reserved 1048576K
Event: 57.121 GC heap after
Heap after GC invocations=84 (full 5):
 PSYoungGen      total 283136K, used 6464K [0x00000000ec400000, 0x00000000ffe00000, 0x0000000100000000)
  eden space 245248K, 0% used [0x00000000ec400000,0x00000000ec400000,0x00000000fb380000)
  from space 37888K, 17% used [0x00000000fb380000,0x00000000fb9d0010,0x00000000fd880000)
  to   space 35840K, 0% used [0x00000000fdb00000,0x00000000fdb00000,0x00000000ffe00000)
 ParOldGen       total 181248K, used 112051K [0x00000000c4c00000, 0x00000000cfd00000, 0x00000000ec400000)
  object space 181248K, 61% used [0x00000000c4c00000,0x00000000cb96ce98,0x00000000cfd00000)
 Metaspace       used 70148K, capacity 75280K, committed 75416K, reserved 1114112K
  class space    used 8821K, capacity 9867K, committed 9896K, reserved 1048576K
}
Event: 57.429 GC heap before
{Heap before GC invocations=85 (full 5):
 PSYoungGen      total 283136K, used 251712K [0x00000000ec400000, 0x00000000ffe00000, 0x0000000100000000)
  eden space 245248K, 100% used [0x00000000ec400000,0x00000000fb380000,0x00000000fb380000)
  from space 37888K, 17% used [0x00000000fb380000,0x00000000fb9d0010,0x00000000fd880000)
  to   space 35840K, 0% used [0x00000000fdb00000,0x00000000fdb00000,0x00000000ffe00000)
 ParOldGen       total 181248K, used 112051K [0x00000000c4c00000, 0x00000000cfd00000, 0x00000000ec400000)
  object space 181248K, 61% used [0x00000000c4c00000,0x00000000cb96ce98,0x00000000cfd00000)
 Metaspace       used 70162K, capacity 75286K, committed 75416K, reserved 1114112K
  class space    used 8822K, capacity 9868K, committed 9896K, reserved 1048576K
Event: 57.447 GC heap after
Heap after GC invocations=85 (full 5):
 PSYoungGen      total 282624K, used 4560K [0x00000000ec400000, 0x00000000ffb00000, 0x0000000100000000)
  eden space 249856K, 0% used [0x00000000ec400000,0x00000000ec400000,0x00000000fb800000)
  from space 32768K, 13% used [0x00000000fdb00000,0x00000000fdf74020,0x00000000ffb00000)
  to   space 34304K, 0% used [0x00000000fb800000,0x00000000fb800000,0x00000000fd980000)
 ParOldGen       total 181248K, used 118203K [0x00000000c4c00000, 0x00000000cfd00000, 0x00000000ec400000)
  object space 181248K, 65% used [0x00000000c4c00000,0x00000000cbf6eea8,0x00000000cfd00000)
 Metaspace       used 70162K, capacity 75286K, committed 75416K, reserved 1114112K
  class space    used 8822K, capacity 9868K, committed 9896K, reserved 1048576K
}
Event: 57.720 GC heap before
{Heap before GC invocations=86 (full 5):
 PSYoungGen      total 282624K, used 254416K [0x00000000ec400000, 0x00000000ffb00000, 0x0000000100000000)
  eden space 249856K, 100% used [0x00000000ec400000,0x00000000fb800000,0x00000000fb800000)
  from space 32768K, 13% used [0x00000000fdb00000,0x00000000fdf74020,0x00000000ffb00000)
  to   space 34304K, 0% used [0x00000000fb800000,0x00000000fb800000,0x00000000fd980000)
 ParOldGen       total 181248K, used 118203K [0x00000000c4c00000, 0x00000000cfd00000, 0x00000000ec400000)
  object space 181248K, 65% used [0x00000000c4c00000,0x00000000cbf6eea8,0x00000000cfd00000)
 Metaspace       used 70162K, capacity 75286K, committed 75416K, reserved 1114112K
  class space    used 8822K, capacity 9868K, committed 9896K, reserved 1048576K
Event: 57.728 GC heap after
Heap after GC invocations=86 (full 5):
 PSYoungGen      total 284160K, used 288K [0x00000000ec400000, 0x0000000100000000, 0x0000000100000000)
  eden space 249856K, 0% used [0x00000000ec400000,0x00000000ec400000,0x00000000fb800000)
  from space 34304K, 0% used [0x00000000fb800000,0x00000000fb848000,0x00000000fd980000)
  to   space 33792K, 0% used [0x00000000fdf00000,0x00000000fdf00000,0x0000000100000000)
 ParOldGen       total 181248K, used 120627K [0x00000000c4c00000, 0x00000000cfd00000, 0x00000000ec400000)
  object space 181248K, 66% used [0x00000000c4c00000,0x00000000cc1cceb8,0x00000000cfd00000)
 Metaspace       used 70162K, capacity 75286K, committed 75416K, reserved 1114112K
  class space    used 8822K, capacity 9868K, committed 9896K, reserved 1048576K
}
Event: 58.002 GC heap before
{Heap before GC invocations=87 (full 5):
 PSYoungGen      total 284160K, used 250144K [0x00000000ec400000, 0x0000000100000000, 0x0000000100000000)
  eden space 249856K, 100% used [0x00000000ec400000,0x00000000fb800000,0x00000000fb800000)
  from space 34304K, 0% used [0x00000000fb800000,0x00000000fb848000,0x00000000fd980000)
  to   space 33792K, 0% used [0x00000000fdf00000,0x00000000fdf00000,0x0000000100000000)
 ParOldGen       total 181248K, used 120627K [0x00000000c4c00000, 0x00000000cfd00000, 0x00000000ec400000)
  object space 181248K, 66% used [0x00000000c4c00000,0x00000000cc1cceb8,0x00000000cfd00000)
 Metaspace       used 70163K, capacity 75286K, committed 75416K, reserved 1114112K
  class space    used 8822K, capacity 9868K, committed 9896K, reserved 1048576K
Event: 58.008 GC heap after
Heap after GC invocations=87 (full 5):
 PSYoungGen      total 285696K, used 2480K [0x00000000ec400000, 0x00000000ffc80000, 0x0000000100000000)
  eden space 255488K, 0% used [0x00000000ec400000,0x00000000ec400000,0x00000000fbd80000)
  from space 30208K, 8% used [0x00000000fdf00000,0x00000000fe16c010,0x00000000ffc80000)
  to   space 32256K, 0% used [0x00000000fbd80000,0x00000000fbd80000,0x00000000fdd00000)
 ParOldGen       total 181248K, used 120627K [0x00000000c4c00000, 0x00000000cfd00000, 0x00000000ec400000)
  object space 181248K, 66% used [0x00000000c4c00000,0x00000000cc1cceb8,0x00000000cfd00000)
 Metaspace       used 70163K, capacity 75286K, committed 75416K, reserved 1114112K
  class space    used 8822K, capacity 9868K, committed 9896K, reserved 1048576K
}
Event: 58.287 GC heap before
{Heap before GC invocations=88 (full 5):
 PSYoungGen      total 285696K, used 257968K [0x00000000ec400000, 0x00000000ffc80000, 0x0000000100000000)
  eden space 255488K, 100% used [0x00000000ec400000,0x00000000fbd80000,0x00000000fbd80000)
  from space 30208K, 8% used [0x00000000fdf00000,0x00000000fe16c010,0x00000000ffc80000)
  to   space 32256K, 0% used [0x00000000fbd80000,0x00000000fbd80000,0x00000000fdd00000)
 ParOldGen       total 181248K, used 120627K [0x00000000c4c00000, 0x00000000cfd00000, 0x00000000ec400000)
  object space 181248K, 66% used [0x00000000c4c00000,0x00000000cc1cceb8,0x00000000cfd00000)
 Metaspace       used 70172K, capacity 75286K, committed 75416K, reserved 1114112K
  class space    used 8822K, capacity 9868K, committed 9896K, reserved 1048576K
Event: 58.300 GC heap after
Heap after GC invocations=88 (full 5):
 PSYoungGen      total 287744K, used 6784K [0x00000000ec400000, 0x00000000ffe00000, 0x0000000100000000)
  eden space 255488K, 0% used [0x00000000ec400000,0x00000000ec400000,0x00000000fbd80000)
  from space 32256K, 21% used [0x00000000fbd80000,0x00000000fc420010,0x00000000fdd00000)
  to   space 30208K, 0% used [0x00000000fe080000,0x00000000fe080000,0x00000000ffe00000)
 ParOldGen       total 181248K, used 120635K [0x00000000c4c00000, 0x00000000cfd00000, 0x00000000ec400000)
  object space 181248K, 66% used [0x00000000c4c00000,0x00000000cc1ceeb8,0x00000000cfd00000)
 Metaspace       used 70172K, capacity 75286K, committed 75416K, reserved 1114112K
  class space    used 8822K, capacity 9868K, committed 9896K, reserved 1048576K
}
Event: 58.774 GC heap before
{Heap before GC invocations=89 (full 5):
 PSYoungGen      total 287744K, used 262272K [0x00000000ec400000, 0x00000000ffe00000, 0x0000000100000000)
  eden space 255488K, 100% used [0x00000000ec400000,0x00000000fbd80000,0x00000000fbd80000)
  from space 32256K, 21% used [0x00000000fbd80000,0x00000000fc420010,0x00000000fdd00000)
  to   space 30208K, 0% used [0x00000000fe080000,0x00000000fe080000,0x00000000ffe00000)
 ParOldGen       total 181248K, used 120635K [0x00000000c4c00000, 0x00000000cfd00000, 0x00000000ec400000)
  object space 181248K, 66% used [0x00000000c4c00000,0x00000000cc1ceeb8,0x00000000cfd00000)
 Metaspace       used 70270K, capacity 75446K, committed 75672K, reserved 1116160K
  class space    used 8822K, capacity 9868K, committed 9896K, reserved 1048576K
Event: 58.776 GC heap after
Heap after GC invocations=89 (full 5):
 PSYoungGen      total 290304K, used 160K [0x00000000ec400000, 0x00000000ffd00000, 0x0000000100000000)
  eden space 261120K, 0% used [0x00000000ec400000,0x00000000ec400000,0x00000000fc300000)
  from space 29184K, 0% used [0x00000000fe080000,0x00000000fe0a8000,0x00000000ffd00000)
  to   space 29696K, 0% used [0x00000000fc300000,0x00000000fc300000,0x00000000fe000000)
 ParOldGen       total 181248K, used 120643K [0x00000000c4c00000, 0x00000000cfd00000, 0x00000000ec400000)
  object space 181248K, 66% used [0x00000000c4c00000,0x00000000cc1d0eb8,0x00000000cfd00000)
 Metaspace       used 70270K, capacity 75446K, committed 75672K, reserved 1116160K
  class space    used 8822K, capacity 9868K, committed 9896K, reserved 1048576K
}
Event: 59.432 GC heap before
{Heap before GC invocations=90 (full 5):
 PSYoungGen      total 290304K, used 261280K [0x00000000ec400000, 0x00000000ffd00000, 0x0000000100000000)
  eden space 261120K, 100% used [0x00000000ec400000,0x00000000fc300000,0x00000000fc300000)
  from space 29184K, 0% used [0x00000000fe080000,0x00000000fe0a8000,0x00000000ffd00000)
  to   space 29696K, 0% used [0x00000000fc300000,0x00000000fc300000,0x00000000fe000000)
 ParOldGen       total 181248K, used 120643K [0x00000000c4c00000, 0x00000000cfd00000, 0x00000000ec400000)
  object space 181248K, 66% used [0x00000000c4c00000,0x00000000cc1d0eb8,0x00000000cfd00000)
 Metaspace       used 70329K, capacity 75458K, committed 75672K, reserved 1116160K
  class space    used 8824K, capacity 9870K, committed 9896K, reserved 1048576K
Event: 59.441 GC heap after
Heap after GC invocations=90 (full 5):
 PSYoungGen      total 290816K, used 2606K [0x00000000ec400000, 0x00000000ffd80000, 0x0000000100000000)
  eden space 261120K, 0% used [0x00000000ec400000,0x00000000ec400000,0x00000000fc300000)
  from space 29696K, 8% used [0x00000000fc300000,0x00000000fc58ba90,0x00000000fe000000)
  to   space 28160K, 0% used [0x00000000fe200000,0x00000000fe200000,0x00000000ffd80000)
 ParOldGen       total 181248K, used 120667K [0x00000000c4c00000, 0x00000000cfd00000, 0x00000000ec400000)
  object space 181248K, 66% used [0x00000000c4c00000,0x00000000cc1d6eb8,0x00000000cfd00000)
 Metaspace       used 70329K, capacity 75458K, committed 75672K, reserved 1116160K
  class space    used 8824K, capacity 9870K, committed 9896K, reserved 1048576K
}
Event: 59.959 GC heap before
{Heap before GC invocations=91 (full 5):
 PSYoungGen      total 290816K, used 263726K [0x00000000ec400000, 0x00000000ffd80000, 0x0000000100000000)
  eden space 261120K, 100% used [0x00000000ec400000,0x00000000fc300000,0x00000000fc300000)
  from space 29696K, 8% used [0x00000000fc300000,0x00000000fc58ba90,0x00000000fe000000)
  to   space 28160K, 0% used [0x00000000fe200000,0x00000000fe200000,0x00000000ffd80000)
 ParOldGen       total 181248K, used 120667K [0x00000000c4c00000, 0x00000000cfd00000, 0x00000000ec400000)
  object space 181248K, 66% used [0x00000000c4c00000,0x00000000cc1d6eb8,0x00000000cfd00000)
 Metaspace       used 70350K, capacity 75534K, committed 75672K, reserved 1116160K
  class space    used 8824K, capacity 9870K, committed 9896K, reserved 1048576K
Event: 59.963 GC heap after
Heap after GC invocations=91 (full 5):
 PSYoungGen      total 292864K, used 1650K [0x00000000ec400000, 0x00000000ffc80000, 0x0000000100000000)
  eden space 265728K, 0% used [0x00000000ec400000,0x00000000ec400000,0x00000000fc780000)
  from space 27136K, 6% used [0x00000000fe200000,0x00000000fe39c998,0x00000000ffc80000)
  to   space 27136K, 0% used [0x00000000fc780000,0x00000000fc780000,0x00000000fe200000)
 ParOldGen       total 181248K, used 121214K [0x00000000c4c00000, 0x00000000cfd00000, 0x00000000ec400000)
  object space 181248K, 66% used [0x00000000c4c00000,0x00000000cc25f998,0x00000000cfd00000)
 Metaspace       used 70350K, capacity 75534K, committed 75672K, reserved 1116160K
  class space    used 8824K, capacity 9870K, committed 9896K, reserved 1048576K
}
Event: 60.481 GC heap before
{Heap before GC invocations=92 (full 5):
 PSYoungGen      total 292864K, used 267378K [0x00000000ec400000, 0x00000000ffc80000, 0x0000000100000000)
  eden space 265728K, 100% used [0x00000000ec400000,0x00000000fc780000,0x00000000fc780000)
  from space 27136K, 6% used [0x00000000fe200000,0x00000000fe39c998,0x00000000ffc80000)
  to   space 27136K, 0% used [0x00000000fc780000,0x00000000fc780000,0x00000000fe200000)
 ParOldGen       total 181248K, used 121214K [0x00000000c4c00000, 0x00000000cfd00000, 0x00000000ec400000)
  object space 181248K, 66% used [0x00000000c4c00000,0x00000000cc25f998,0x00000000cfd00000)
 Metaspace       used 70366K, capacity 75538K, committed 75672K, reserved 1116160K
  class space    used 8825K, capacity 9870K, committed 9896K, reserved 1048576K
Event: 60.494 GC heap after
Heap after GC invocations=92 (full 5):
 PSYoungGen      total 292864K, used 16707K [0x00000000ec400000, 0x0000000100000000, 0x0000000100000000)
  eden space 265728K, 0% used [0x00000000ec400000,0x00000000ec400000,0x00000000fc780000)
  from space 27136K, 61% used [0x00000000fc780000,0x00000000fd7d0d30,0x00000000fe200000)
  to   space 28672K, 0% used [0x00000000fe400000,0x00000000fe400000,0x0000000100000000)
 ParOldGen       total 181248K, used 121222K [0x00000000c4c00000, 0x00000000cfd00000, 0x00000000ec400000)
  object space 181248K, 66% used [0x00000000c4c00000,0x00000000cc261998,0x00000000cfd00000)
 Metaspace       used 70366K, capacity 75538K, committed 75672K, reserved 1116160K
  class space    used 8825K, capacity 9870K, committed 9896K, reserved 1048576K
}
Event: 61.163 GC heap before
{Heap before GC invocations=93 (full 5):
 PSYoungGen      total 292864K, used 282435K [0x00000000ec400000, 0x0000000100000000, 0x0000000100000000)
  eden space 265728K, 100% used [0x00000000ec400000,0x00000000fc780000,0x00000000fc780000)
  from space 27136K, 61% used [0x00000000fc780000,0x00000000fd7d0d30,0x00000000fe200000)
  to   space 28672K, 0% used [0x00000000fe400000,0x00000000fe400000,0x0000000100000000)
 ParOldGen       total 181248K, used 121222K [0x00000000c4c00000, 0x00000000cfd00000, 0x00000000ec400000)
  object space 181248K, 66% used [0x00000000c4c00000,0x00000000cc261998,0x00000000cfd00000)
 Metaspace       used 70367K, capacity 75538K, committed 75672K, reserved 1116160K
  class space    used 8825K, capacity 9870K, committed 9896K, reserved 1048576K
Event: 61.343 GC heap after
Heap after GC invocations=93 (full 5):
 PSYoungGen      total 219136K, used 28643K [0x00000000ec400000, 0x0000000100000000, 0x0000000100000000)
  eden space 190464K, 0% used [0x00000000ec400000,0x00000000ec400000,0x00000000f7e00000)
  from space 28672K, 99% used [0x00000000fe400000,0x00000000ffff8d30,0x0000000100000000)
  to   space 66560K, 0% used [0x00000000f7e00000,0x00000000f7e00000,0x00000000fbf00000)
 ParOldGen       total 207872K, used 207174K [0x00000000c4c00000, 0x00000000d1700000, 0x00000000ec400000)
  object space 207872K, 99% used [0x00000000c4c00000,0x00000000d1651998,0x00000000d1700000)
 Metaspace       used 70367K, capacity 75538K, committed 75672K, reserved 1116160K
  class space    used 8825K, capacity 9870K, committed 9896K, reserved 1048576K
}
Event: 61.343 GC heap before
{Heap before GC invocations=94 (full 6):
 PSYoungGen      total 219136K, used 28643K [0x00000000ec400000, 0x0000000100000000, 0x0000000100000000)
  eden space 190464K, 0% used [0x00000000ec400000,0x00000000ec400000,0x00000000f7e00000)
  from space 28672K, 99% used [0x00000000fe400000,0x00000000ffff8d30,0x0000000100000000)
  to   space 66560K, 0% used [0x00000000f7e00000,0x00000000f7e00000,0x00000000fbf00000)
 ParOldGen       total 207872K, used 207174K [0x00000000c4c00000, 0x00000000d1700000, 0x00000000ec400000)
  object space 207872K, 99% used [0x00000000c4c00000,0x00000000d1651998,0x00000000d1700000)
 Metaspace       used 70367K, capacity 75538K, committed 75672K, reserved 1116160K
  class space    used 8825K, capacity 9870K, committed 9896K, reserved 1048576K
Event: 61.986 GC heap after
Heap after GC invocations=94 (full 6):
 PSYoungGen      total 219136K, used 0K [0x00000000ec400000, 0x0000000100000000, 0x0000000100000000)
  eden space 190464K, 0% used [0x00000000ec400000,0x00000000ec400000,0x00000000f7e00000)
  from space 28672K, 0% used [0x00000000fe400000,0x00000000fe400000,0x0000000100000000)
  to   space 66560K, 0% used [0x00000000f7e00000,0x00000000f7e00000,0x00000000fbf00000)
 ParOldGen       total 311296K, used 173330K [0x00000000c4c00000, 0x00000000d7c00000, 0x00000000ec400000)
  object space 311296K, 55% used [0x00000000c4c00000,0x00000000cf544bd8,0x00000000d7c00000)
 Metaspace       used 70367K, capacity 75538K, committed 75672K, reserved 1116160K
  class space    used 8825K, capacity 9870K, committed 9896K, reserved 1048576K
}
Event: 62.465 GC heap before
{Heap before GC invocations=95 (full 6):
 PSYoungGen      total 219136K, used 190464K [0x00000000ec400000, 0x0000000100000000, 0x0000000100000000)
  eden space 190464K, 100% used [0x00000000ec400000,0x00000000f7e00000,0x00000000f7e00000)
  from space 28672K, 0% used [0x00000000fe400000,0x00000000fe400000,0x0000000100000000)
  to   space 66560K, 0% used [0x00000000f7e00000,0x00000000f7e00000,0x00000000fbf00000)
 ParOldGen       total 311296K, used 173330K [0x00000000c4c00000, 0x00000000d7c00000, 0x00000000ec400000)
  object space 311296K, 55% used [0x00000000c4c00000,0x00000000cf544bd8,0x00000000d7c00000)
 Metaspace       used 70367K, capacity 75538K, committed 75672K, reserved 1116160K
  class space    used 8825K, capacity 9870K, committed 9896K, reserved 1048576K
Event: 62.539 GC heap after
Heap after GC invocations=95 (full 6):
 PSYoungGen      total 257024K, used 66560K [0x00000000ec400000, 0x0000000100000000, 0x0000000100000000)
  eden space 190464K, 0% used [0x00000000ec400000,0x00000000ec400000,0x00000000f7e00000)
  from space 66560K, 100% used [0x00000000f7e00000,0x00000000fbf00000,0x00000000fbf00000)
  to   space 66560K, 0% used [0x00000000fbf00000,0x00000000fbf00000,0x0000000100000000)
 ParOldGen       total 311296K, used 177474K [0x00000000c4c00000, 0x00000000d7c00000, 0x00000000ec400000)
  object space 311296K, 57% used [0x00000000c4c00000,0x00000000cf950bd8,0x00000000d7c00000)
 Metaspace       used 70367K, capacity 75538K, committed 75672K, reserved 1116160K
  class space    used 8825K, capacity 9870K, committed 9896K, reserved 1048576K
}
Event: 63.026 GC heap before
{Heap before GC invocations=96 (full 6):
 PSYoungGen      total 257024K, used 257024K [0x00000000ec400000, 0x0000000100000000, 0x0000000100000000)
  eden space 190464K, 100% used [0x00000000ec400000,0x00000000f7e00000,0x00000000f7e00000)
  from space 66560K, 100% used [0x00000000f7e00000,0x00000000fbf00000,0x00000000fbf00000)
  to   space 66560K, 0% used [0x00000000fbf00000,0x00000000fbf00000,0x0000000100000000)
 ParOldGen       total 311296K, used 177474K [0x00000000c4c00000, 0x00000000d7c00000, 0x00000000ec400000)
  object space 311296K, 57% used [0x00000000c4c00000,0x00000000cf950bd8,0x00000000d7c00000)
 Metaspace       used 70367K, capacity 75538K, committed 75672K, reserved 1116160K
  class space    used 8825K, capacity 9870K, committed 9896K, reserved 1048576K
Event: 63.218 GC heap after
Heap after GC invocations=96 (full 6):
 PSYoungGen      total 175104K, used 66560K [0x00000000ec400000, 0x0000000100000000, 0x0000000100000000)
  eden space 108544K, 0% used [0x00000000ec400000,0x00000000ec400000,0x00000000f2e00000)
  from space 66560K, 100% used [0x00000000fbf00000,0x0000000100000000,0x0000000100000000)
  to   space 107520K, 0% used [0x00000000f2e00000,0x00000000f2e00000,0x00000000f9700000)
 ParOldGen       total 311296K, used 249042K [0x00000000c4c00000, 0x00000000d7c00000, 0x00000000ec400000)
  object space 311296K, 80% used [0x00000000c4c00000,0x00000000d3f34bd8,0x00000000d7c00000)
 Metaspace       used 70367K, capacity 75538K, committed 75672K, reserved 1116160K
  class space    used 8825K, capacity 9870K, committed 9896K, reserved 1048576K
}
Event: 63.490 GC heap before
{Heap before GC invocations=97 (full 6):
 PSYoungGen      total 175104K, used 175104K [0x00000000ec400000, 0x0000000100000000, 0x0000000100000000)
  eden space 108544K, 100% used [0x00000000ec400000,0x00000000f2e00000,0x00000000f2e00000)
  from space 66560K, 100% used [0x00000000fbf00000,0x0000000100000000,0x0000000100000000)
  to   space 107520K, 0% used [0x00000000f2e00000,0x00000000f2e00000,0x00000000f9700000)
 ParOldGen       total 311296K, used 249042K [0x00000000c4c00000, 0x00000000d7c00000, 0x00000000ec400000)
  object space 311296K, 80% used [0x00000000c4c00000,0x00000000d3f34bd8,0x00000000d7c00000)
 Metaspace       used 70367K, capacity 75538K, committed 75672K, reserved 1116160K
  class space    used 8825K, capacity 9870K, committed 9896K, reserved 1048576K
Event: 63.658 GC heap after
Heap after GC invocations=97 (full 6):
 PSYoungGen      total 216064K, used 40096K [0x00000000ec400000, 0x0000000100000000, 0x0000000100000000)
  eden space 108544K, 0% used [0x00000000ec400000,0x00000000ec400000,0x00000000f2e00000)
  from space 107520K, 37% used [0x00000000f2e00000,0x00000000f5528000,0x00000000f9700000)
  to   space 107520K, 0% used [0x00000000f9700000,0x00000000f9700000,0x0000000100000000)
 ParOldGen       total 316416K, used 315762K [0x00000000c4c00000, 0x00000000d8100000, 0x00000000ec400000)
  object space 316416K, 99% used [0x00000000c4c00000,0x00000000d805c8d8,0x00000000d8100000)
 Metaspace       used 70367K, capacity 75538K, committed 75672K, reserved 1116160K
  class space    used 8825K, capacity 9870K, committed 9896K, reserved 1048576K
}
Event: 63.658 GC heap before
{Heap before GC invocations=98 (full 7):
 PSYoungGen      total 216064K, used 40096K [0x00000000ec400000, 0x0000000100000000, 0x0000000100000000)
  eden space 108544K, 0% used [0x00000000ec400000,0x00000000ec400000,0x00000000f2e00000)
  from space 107520K, 37% used [0x00000000f2e00000,0x00000000f5528000,0x00000000f9700000)
  to   space 107520K, 0% used [0x00000000f9700000,0x00000000f9700000,0x0000000100000000)
 ParOldGen       total 316416K, used 315762K [0x00000000c4c00000, 0x00000000d8100000, 0x00000000ec400000)
  object space 316416K, 99% used [0x00000000c4c00000,0x00000000d805c8d8,0x00000000d8100000)
 Metaspace       used 70367K, capacity 75538K, committed 75672K, reserved 1116160K
  class space    used 8825K, capacity 9870K, committed 9896K, reserved 1048576K

